ARM GAS  C:\Users\VIKRAM~1\AppData\Local\Temp\ccwfvTZC.s 			page 1


   1              		.cpu cortex-m4
   2              		.arch armv7e-m
   3              		.fpu fpv4-sp-d16
   4              		.eabi_attribute 27, 1
   5              		.eabi_attribute 28, 1
   6              		.eabi_attribute 20, 1
   7              		.eabi_attribute 21, 1
   8              		.eabi_attribute 23, 3
   9              		.eabi_attribute 24, 1
  10              		.eabi_attribute 25, 1
  11              		.eabi_attribute 26, 1
  12              		.eabi_attribute 30, 1
  13              		.eabi_attribute 34, 1
  14              		.eabi_attribute 18, 4
  15              		.file	"stm32f4xx_hal_msp.c"
  16              		.text
  17              		.section	.text.HAL_MspInit,"ax",%progbits
  18              		.align	1
  19              		.global	HAL_MspInit
  20              		.syntax unified
  21              		.thumb
  22              		.thumb_func
  24              	HAL_MspInit:
  25              		@ args = 0, pretend = 0, frame = 8
  26              		@ frame_needed = 0, uses_anonymous_args = 0
  27              		@ link register save eliminated.
  28 0000 82B0     		sub	sp, sp, #8
  29 0002 0021     		movs	r1, #0
  30 0004 0091     		str	r1, [sp]
  31 0006 0B4B     		ldr	r3, .L3
  32 0008 5A6C     		ldr	r2, [r3, #68]
  33 000a 42F48042 		orr	r2, r2, #16384
  34 000e 5A64     		str	r2, [r3, #68]
  35 0010 5A6C     		ldr	r2, [r3, #68]
  36 0012 02F48042 		and	r2, r2, #16384
  37 0016 0092     		str	r2, [sp]
  38 0018 009A     		ldr	r2, [sp]
  39 001a 0191     		str	r1, [sp, #4]
  40 001c 1A6C     		ldr	r2, [r3, #64]
  41 001e 42F08052 		orr	r2, r2, #268435456
  42 0022 1A64     		str	r2, [r3, #64]
  43 0024 1B6C     		ldr	r3, [r3, #64]
  44 0026 03F08053 		and	r3, r3, #268435456
  45 002a 0193     		str	r3, [sp, #4]
  46 002c 019B     		ldr	r3, [sp, #4]
  47 002e 02B0     		add	sp, sp, #8
  48              		@ sp needed
  49 0030 7047     		bx	lr
  50              	.L4:
  51 0032 00BF     		.align	2
  52              	.L3:
  53 0034 00380240 		.word	1073887232
  55              		.section	.text.HAL_TIM_Base_MspInit,"ax",%progbits
  56              		.align	1
  57              		.global	HAL_TIM_Base_MspInit
  58              		.syntax unified
  59              		.thumb
ARM GAS  C:\Users\VIKRAM~1\AppData\Local\Temp\ccwfvTZC.s 			page 2


  60              		.thumb_func
  62              	HAL_TIM_Base_MspInit:
  63              		@ args = 0, pretend = 0, frame = 8
  64              		@ frame_needed = 0, uses_anonymous_args = 0
  65              		@ link register save eliminated.
  66 0000 0368     		ldr	r3, [r0]
  67 0002 B3F1804F 		cmp	r3, #1073741824
  68 0006 00D0     		beq	.L11
  69 0008 7047     		bx	lr
  70              	.L11:
  71 000a 82B0     		sub	sp, sp, #8
  72 000c 0023     		movs	r3, #0
  73 000e 0193     		str	r3, [sp, #4]
  74 0010 054B     		ldr	r3, .L12
  75 0012 1A6C     		ldr	r2, [r3, #64]
  76 0014 42F00102 		orr	r2, r2, #1
  77 0018 1A64     		str	r2, [r3, #64]
  78 001a 1B6C     		ldr	r3, [r3, #64]
  79 001c 03F00103 		and	r3, r3, #1
  80 0020 0193     		str	r3, [sp, #4]
  81 0022 019B     		ldr	r3, [sp, #4]
  82 0024 02B0     		add	sp, sp, #8
  83              		@ sp needed
  84 0026 7047     		bx	lr
  85              	.L13:
  86              		.align	2
  87              	.L12:
  88 0028 00380240 		.word	1073887232
  90              		.section	.text.HAL_TIM_Base_MspDeInit,"ax",%progbits
  91              		.align	1
  92              		.global	HAL_TIM_Base_MspDeInit
  93              		.syntax unified
  94              		.thumb
  95              		.thumb_func
  97              	HAL_TIM_Base_MspDeInit:
  98              		@ args = 0, pretend = 0, frame = 0
  99              		@ frame_needed = 0, uses_anonymous_args = 0
 100              		@ link register save eliminated.
 101 0000 0368     		ldr	r3, [r0]
 102 0002 B3F1804F 		cmp	r3, #1073741824
 103 0006 00D0     		beq	.L16
 104              	.L14:
 105 0008 7047     		bx	lr
 106              	.L16:
 107 000a 034A     		ldr	r2, .L17
 108 000c 136C     		ldr	r3, [r2, #64]
 109 000e 23F00103 		bic	r3, r3, #1
 110 0012 1364     		str	r3, [r2, #64]
 111 0014 F8E7     		b	.L14
 112              	.L18:
 113 0016 00BF     		.align	2
 114              	.L17:
 115 0018 00380240 		.word	1073887232
 117              		.section	.text.HAL_UART_MspInit,"ax",%progbits
 118              		.align	1
 119              		.global	HAL_UART_MspInit
 120              		.syntax unified
ARM GAS  C:\Users\VIKRAM~1\AppData\Local\Temp\ccwfvTZC.s 			page 3


 121              		.thumb
 122              		.thumb_func
 124              	HAL_UART_MspInit:
 125              		@ args = 0, pretend = 0, frame = 40
 126              		@ frame_needed = 0, uses_anonymous_args = 0
 127 0000 00B5     		push	{lr}
 128 0002 8BB0     		sub	sp, sp, #44
 129 0004 0023     		movs	r3, #0
 130 0006 0593     		str	r3, [sp, #20]
 131 0008 0693     		str	r3, [sp, #24]
 132 000a 0793     		str	r3, [sp, #28]
 133 000c 0893     		str	r3, [sp, #32]
 134 000e 0993     		str	r3, [sp, #36]
 135 0010 0368     		ldr	r3, [r0]
 136 0012 274A     		ldr	r2, .L25
 137 0014 9342     		cmp	r3, r2
 138 0016 05D0     		beq	.L23
 139 0018 264A     		ldr	r2, .L25+4
 140 001a 9342     		cmp	r3, r2
 141 001c 26D0     		beq	.L24
 142              	.L19:
 143 001e 0BB0     		add	sp, sp, #44
 144              		@ sp needed
 145 0020 5DF804FB 		ldr	pc, [sp], #4
 146              	.L23:
 147 0024 0021     		movs	r1, #0
 148 0026 0191     		str	r1, [sp, #4]
 149 0028 234B     		ldr	r3, .L25+8
 150 002a 5A6C     		ldr	r2, [r3, #68]
 151 002c 42F01002 		orr	r2, r2, #16
 152 0030 5A64     		str	r2, [r3, #68]
 153 0032 5A6C     		ldr	r2, [r3, #68]
 154 0034 02F01002 		and	r2, r2, #16
 155 0038 0192     		str	r2, [sp, #4]
 156 003a 019A     		ldr	r2, [sp, #4]
 157 003c 0291     		str	r1, [sp, #8]
 158 003e 1A6B     		ldr	r2, [r3, #48]
 159 0040 42F00102 		orr	r2, r2, #1
 160 0044 1A63     		str	r2, [r3, #48]
 161 0046 1B6B     		ldr	r3, [r3, #48]
 162 0048 03F00103 		and	r3, r3, #1
 163 004c 0293     		str	r3, [sp, #8]
 164 004e 029B     		ldr	r3, [sp, #8]
 165 0050 4FF4C063 		mov	r3, #1536
 166 0054 0593     		str	r3, [sp, #20]
 167 0056 0223     		movs	r3, #2
 168 0058 0693     		str	r3, [sp, #24]
 169 005a 0323     		movs	r3, #3
 170 005c 0893     		str	r3, [sp, #32]
 171 005e 0723     		movs	r3, #7
 172 0060 0993     		str	r3, [sp, #36]
 173 0062 05A9     		add	r1, sp, #20
 174 0064 1548     		ldr	r0, .L25+12
 175 0066 FFF7FEFF 		bl	HAL_GPIO_Init
 176 006a D8E7     		b	.L19
 177              	.L24:
 178 006c 0021     		movs	r1, #0
ARM GAS  C:\Users\VIKRAM~1\AppData\Local\Temp\ccwfvTZC.s 			page 4


 179 006e 0391     		str	r1, [sp, #12]
 180 0070 114B     		ldr	r3, .L25+8
 181 0072 1A6C     		ldr	r2, [r3, #64]
 182 0074 42F40032 		orr	r2, r2, #131072
 183 0078 1A64     		str	r2, [r3, #64]
 184 007a 1A6C     		ldr	r2, [r3, #64]
 185 007c 02F40032 		and	r2, r2, #131072
 186 0080 0392     		str	r2, [sp, #12]
 187 0082 039A     		ldr	r2, [sp, #12]
 188 0084 0491     		str	r1, [sp, #16]
 189 0086 1A6B     		ldr	r2, [r3, #48]
 190 0088 42F00102 		orr	r2, r2, #1
 191 008c 1A63     		str	r2, [r3, #48]
 192 008e 1B6B     		ldr	r3, [r3, #48]
 193 0090 03F00103 		and	r3, r3, #1
 194 0094 0493     		str	r3, [sp, #16]
 195 0096 049B     		ldr	r3, [sp, #16]
 196 0098 0C23     		movs	r3, #12
 197 009a 0593     		str	r3, [sp, #20]
 198 009c 0223     		movs	r3, #2
 199 009e 0693     		str	r3, [sp, #24]
 200 00a0 0723     		movs	r3, #7
 201 00a2 0993     		str	r3, [sp, #36]
 202 00a4 05A9     		add	r1, sp, #20
 203 00a6 0548     		ldr	r0, .L25+12
 204 00a8 FFF7FEFF 		bl	HAL_GPIO_Init
 205 00ac B7E7     		b	.L19
 206              	.L26:
 207 00ae 00BF     		.align	2
 208              	.L25:
 209 00b0 00100140 		.word	1073811456
 210 00b4 00440040 		.word	1073759232
 211 00b8 00380240 		.word	1073887232
 212 00bc 00000240 		.word	1073872896
 214              		.section	.text.HAL_UART_MspDeInit,"ax",%progbits
 215              		.align	1
 216              		.global	HAL_UART_MspDeInit
 217              		.syntax unified
 218              		.thumb
 219              		.thumb_func
 221              	HAL_UART_MspDeInit:
 222              		@ args = 0, pretend = 0, frame = 0
 223              		@ frame_needed = 0, uses_anonymous_args = 0
 224 0000 08B5     		push	{r3, lr}
 225 0002 0368     		ldr	r3, [r0]
 226 0004 0E4A     		ldr	r2, .L33
 227 0006 9342     		cmp	r3, r2
 228 0008 03D0     		beq	.L31
 229 000a 0E4A     		ldr	r2, .L33+4
 230 000c 9342     		cmp	r3, r2
 231 000e 0CD0     		beq	.L32
 232              	.L27:
 233 0010 08BD     		pop	{r3, pc}
 234              	.L31:
 235 0012 02F59432 		add	r2, r2, #75776
 236 0016 536C     		ldr	r3, [r2, #68]
 237 0018 23F01003 		bic	r3, r3, #16
ARM GAS  C:\Users\VIKRAM~1\AppData\Local\Temp\ccwfvTZC.s 			page 5


 238 001c 5364     		str	r3, [r2, #68]
 239 001e 4FF4C061 		mov	r1, #1536
 240 0022 0948     		ldr	r0, .L33+8
 241 0024 FFF7FEFF 		bl	HAL_GPIO_DeInit
 242 0028 F2E7     		b	.L27
 243              	.L32:
 244 002a 02F5FA32 		add	r2, r2, #128000
 245 002e 136C     		ldr	r3, [r2, #64]
 246 0030 23F40033 		bic	r3, r3, #131072
 247 0034 1364     		str	r3, [r2, #64]
 248 0036 0C21     		movs	r1, #12
 249 0038 0348     		ldr	r0, .L33+8
 250 003a FFF7FEFF 		bl	HAL_GPIO_DeInit
 251 003e E7E7     		b	.L27
 252              	.L34:
 253              		.align	2
 254              	.L33:
 255 0040 00100140 		.word	1073811456
 256 0044 00440040 		.word	1073759232
 257 0048 00000240 		.word	1073872896
 259              		.ident	"GCC: (xPack GNU Arm Embedded GCC x86_64) 13.3.1 20240614"
ARM GAS  C:\Users\VIKRAM~1\AppData\Local\Temp\ccwfvTZC.s 			page 6


DEFINED SYMBOLS
                            *ABS*:00000000 stm32f4xx_hal_msp.c
C:\Users\VIKRAM~1\AppData\Local\Temp\ccwfvTZC.s:18     .text.HAL_MspInit:00000000 $t
C:\Users\VIKRAM~1\AppData\Local\Temp\ccwfvTZC.s:24     .text.HAL_MspInit:00000000 HAL_MspInit
C:\Users\VIKRAM~1\AppData\Local\Temp\ccwfvTZC.s:53     .text.HAL_MspInit:00000034 $d
C:\Users\VIKRAM~1\AppData\Local\Temp\ccwfvTZC.s:56     .text.HAL_TIM_Base_MspInit:00000000 $t
C:\Users\VIKRAM~1\AppData\Local\Temp\ccwfvTZC.s:62     .text.HAL_TIM_Base_MspInit:00000000 HAL_TIM_Base_MspInit
C:\Users\VIKRAM~1\AppData\Local\Temp\ccwfvTZC.s:88     .text.HAL_TIM_Base_MspInit:00000028 $d
C:\Users\VIKRAM~1\AppData\Local\Temp\ccwfvTZC.s:91     .text.HAL_TIM_Base_MspDeInit:00000000 $t
C:\Users\VIKRAM~1\AppData\Local\Temp\ccwfvTZC.s:97     .text.HAL_TIM_Base_MspDeInit:00000000 HAL_TIM_Base_MspDeInit
C:\Users\VIKRAM~1\AppData\Local\Temp\ccwfvTZC.s:115    .text.HAL_TIM_Base_MspDeInit:00000018 $d
C:\Users\VIKRAM~1\AppData\Local\Temp\ccwfvTZC.s:118    .text.HAL_UART_MspInit:00000000 $t
C:\Users\VIKRAM~1\AppData\Local\Temp\ccwfvTZC.s:124    .text.HAL_UART_MspInit:00000000 HAL_UART_MspInit
C:\Users\VIKRAM~1\AppData\Local\Temp\ccwfvTZC.s:209    .text.HAL_UART_MspInit:000000b0 $d
C:\Users\VIKRAM~1\AppData\Local\Temp\ccwfvTZC.s:215    .text.HAL_UART_MspDeInit:00000000 $t
C:\Users\VIKRAM~1\AppData\Local\Temp\ccwfvTZC.s:221    .text.HAL_UART_MspDeInit:00000000 HAL_UART_MspDeInit
C:\Users\VIKRAM~1\AppData\Local\Temp\ccwfvTZC.s:255    .text.HAL_UART_MspDeInit:00000040 $d

UNDEFINED SYMBOLS
HAL_GPIO_Init
HAL_GPIO_DeInit
