ARM GAS  C:\Users\VIKRAM~1\AppData\Local\Temp\ccV2Tf25.s 			page 1


   1              		.cpu cortex-m4
   2              		.arch armv7e-m
   3              		.fpu fpv4-sp-d16
   4              		.eabi_attribute 27, 1
   5              		.eabi_attribute 28, 1
   6              		.eabi_attribute 20, 1
   7              		.eabi_attribute 21, 1
   8              		.eabi_attribute 23, 3
   9              		.eabi_attribute 24, 1
  10              		.eabi_attribute 25, 1
  11              		.eabi_attribute 26, 1
  12              		.eabi_attribute 30, 1
  13              		.eabi_attribute 34, 1
  14              		.eabi_attribute 18, 4
  15              		.file	"stm32f4xx_hal_flash_ex.c"
  16              		.text
  17              		.section	.text.FLASH_MassErase,"ax",%progbits
  18              		.align	1
  19              		.syntax unified
  20              		.thumb
  21              		.thumb_func
  23              	FLASH_MassErase:
  24              		@ args = 0, pretend = 0, frame = 0
  25              		@ frame_needed = 0, uses_anonymous_args = 0
  26              		@ link register save eliminated.
  27 0000 074B     		ldr	r3, .L2
  28 0002 1A69     		ldr	r2, [r3, #16]
  29 0004 22F44072 		bic	r2, r2, #768
  30 0008 1A61     		str	r2, [r3, #16]
  31 000a 1A69     		ldr	r2, [r3, #16]
  32 000c 42F00402 		orr	r2, r2, #4
  33 0010 1A61     		str	r2, [r3, #16]
  34 0012 1A69     		ldr	r2, [r3, #16]
  35 0014 42EA0022 		orr	r2, r2, r0, lsl #8
  36 0018 42F48032 		orr	r2, r2, #65536
  37 001c 1A61     		str	r2, [r3, #16]
  38 001e 7047     		bx	lr
  39              	.L3:
  40              		.align	2
  41              	.L2:
  42 0020 003C0240 		.word	1073888256
  44              		.section	.text.FLASH_OB_BOR_LevelConfig,"ax",%progbits
  45              		.align	1
  46              		.syntax unified
  47              		.thumb
  48              		.thumb_func
  50              	FLASH_OB_BOR_LevelConfig:
  51              		@ args = 0, pretend = 0, frame = 0
  52              		@ frame_needed = 0, uses_anonymous_args = 0
  53              		@ link register save eliminated.
  54 0000 044B     		ldr	r3, .L5
  55 0002 1A7D     		ldrb	r2, [r3, #20]	@ zero_extendqisi2
  56 0004 02F0F302 		and	r2, r2, #243
  57 0008 1A75     		strb	r2, [r3, #20]
  58 000a 1A7D     		ldrb	r2, [r3, #20]	@ zero_extendqisi2
  59 000c 0243     		orrs	r2, r2, r0
  60 000e 1A75     		strb	r2, [r3, #20]
ARM GAS  C:\Users\VIKRAM~1\AppData\Local\Temp\ccV2Tf25.s 			page 2


  61 0010 0020     		movs	r0, #0
  62 0012 7047     		bx	lr
  63              	.L6:
  64              		.align	2
  65              	.L5:
  66 0014 003C0240 		.word	1073888256
  68              		.section	.text.FLASH_OB_GetUser,"ax",%progbits
  69              		.align	1
  70              		.syntax unified
  71              		.thumb
  72              		.thumb_func
  74              	FLASH_OB_GetUser:
  75              		@ args = 0, pretend = 0, frame = 0
  76              		@ frame_needed = 0, uses_anonymous_args = 0
  77              		@ link register save eliminated.
  78 0000 024B     		ldr	r3, .L8
  79 0002 5869     		ldr	r0, [r3, #20]
  80 0004 00F0E000 		and	r0, r0, #224
  81 0008 7047     		bx	lr
  82              	.L9:
  83 000a 00BF     		.align	2
  84              	.L8:
  85 000c 003C0240 		.word	1073888256
  87              		.section	.text.FLASH_OB_GetWRP,"ax",%progbits
  88              		.align	1
  89              		.syntax unified
  90              		.thumb
  91              		.thumb_func
  93              	FLASH_OB_GetWRP:
  94              		@ args = 0, pretend = 0, frame = 0
  95              		@ frame_needed = 0, uses_anonymous_args = 0
  96              		@ link register save eliminated.
  97 0000 014B     		ldr	r3, .L11
  98 0002 D88A     		ldrh	r0, [r3, #22]
  99 0004 80B2     		uxth	r0, r0
 100 0006 7047     		bx	lr
 101              	.L12:
 102              		.align	2
 103              	.L11:
 104 0008 003C0240 		.word	1073888256
 106              		.section	.text.FLASH_OB_GetRDP,"ax",%progbits
 107              		.align	1
 108              		.syntax unified
 109              		.thumb
 110              		.thumb_func
 112              	FLASH_OB_GetRDP:
 113              		@ args = 0, pretend = 0, frame = 0
 114              		@ frame_needed = 0, uses_anonymous_args = 0
 115              		@ link register save eliminated.
 116 0000 054B     		ldr	r3, .L16
 117 0002 587D     		ldrb	r0, [r3, #21]	@ zero_extendqisi2
 118 0004 C0B2     		uxtb	r0, r0
 119 0006 CC28     		cmp	r0, #204
 120 0008 04D0     		beq	.L14
 121 000a 587D     		ldrb	r0, [r3, #21]	@ zero_extendqisi2
 122 000c C0B2     		uxtb	r0, r0
 123 000e AA28     		cmp	r0, #170
ARM GAS  C:\Users\VIKRAM~1\AppData\Local\Temp\ccV2Tf25.s 			page 3


 124 0010 00D0     		beq	.L14
 125 0012 5520     		movs	r0, #85
 126              	.L14:
 127 0014 7047     		bx	lr
 128              	.L17:
 129 0016 00BF     		.align	2
 130              	.L16:
 131 0018 003C0240 		.word	1073888256
 133              		.section	.text.FLASH_OB_GetBOR,"ax",%progbits
 134              		.align	1
 135              		.syntax unified
 136              		.thumb
 137              		.thumb_func
 139              	FLASH_OB_GetBOR:
 140              		@ args = 0, pretend = 0, frame = 0
 141              		@ frame_needed = 0, uses_anonymous_args = 0
 142              		@ link register save eliminated.
 143 0000 024B     		ldr	r3, .L19
 144 0002 187D     		ldrb	r0, [r3, #20]	@ zero_extendqisi2
 145 0004 00F00C00 		and	r0, r0, #12
 146 0008 7047     		bx	lr
 147              	.L20:
 148 000a 00BF     		.align	2
 149              	.L19:
 150 000c 003C0240 		.word	1073888256
 152              		.section	.text.FLASH_OB_EnableWRP,"ax",%progbits
 153              		.align	1
 154              		.syntax unified
 155              		.thumb
 156              		.thumb_func
 158              	FLASH_OB_EnableWRP:
 159              		@ args = 0, pretend = 0, frame = 0
 160              		@ frame_needed = 0, uses_anonymous_args = 0
 161 0000 10B5     		push	{r4, lr}
 162 0002 0446     		mov	r4, r0
 163 0004 4CF25030 		movw	r0, #50000
 164 0008 FFF7FEFF 		bl	FLASH_WaitForLastOperation
 165 000c 28B9     		cbnz	r0, .L22
 166 000e 034A     		ldr	r2, .L24
 167 0010 D38A     		ldrh	r3, [r2, #22]
 168 0012 9BB2     		uxth	r3, r3
 169 0014 23EA0403 		bic	r3, r3, r4
 170 0018 D382     		strh	r3, [r2, #22]	@ movhi
 171              	.L22:
 172 001a 10BD     		pop	{r4, pc}
 173              	.L25:
 174              		.align	2
 175              	.L24:
 176 001c 003C0240 		.word	1073888256
 178              		.section	.text.FLASH_OB_DisableWRP,"ax",%progbits
 179              		.align	1
 180              		.syntax unified
 181              		.thumb
 182              		.thumb_func
 184              	FLASH_OB_DisableWRP:
 185              		@ args = 0, pretend = 0, frame = 0
 186              		@ frame_needed = 0, uses_anonymous_args = 0
ARM GAS  C:\Users\VIKRAM~1\AppData\Local\Temp\ccV2Tf25.s 			page 4


 187 0000 10B5     		push	{r4, lr}
 188 0002 0446     		mov	r4, r0
 189 0004 4CF25030 		movw	r0, #50000
 190 0008 FFF7FEFF 		bl	FLASH_WaitForLastOperation
 191 000c 28B9     		cbnz	r0, .L27
 192 000e 034A     		ldr	r2, .L29
 193 0010 D38A     		ldrh	r3, [r2, #22]
 194 0012 9BB2     		uxth	r3, r3
 195 0014 A4B2     		uxth	r4, r4
 196 0016 2343     		orrs	r3, r3, r4
 197 0018 D382     		strh	r3, [r2, #22]	@ movhi
 198              	.L27:
 199 001a 10BD     		pop	{r4, pc}
 200              	.L30:
 201              		.align	2
 202              	.L29:
 203 001c 003C0240 		.word	1073888256
 205              		.section	.text.FLASH_OB_RDP_LevelConfig,"ax",%progbits
 206              		.align	1
 207              		.syntax unified
 208              		.thumb
 209              		.thumb_func
 211              	FLASH_OB_RDP_LevelConfig:
 212              		@ args = 0, pretend = 0, frame = 0
 213              		@ frame_needed = 0, uses_anonymous_args = 0
 214 0000 10B5     		push	{r4, lr}
 215 0002 0446     		mov	r4, r0
 216 0004 4CF25030 		movw	r0, #50000
 217 0008 FFF7FEFF 		bl	FLASH_WaitForLastOperation
 218 000c 08B9     		cbnz	r0, .L32
 219 000e 014B     		ldr	r3, .L34
 220 0010 5C75     		strb	r4, [r3, #21]
 221              	.L32:
 222 0012 10BD     		pop	{r4, pc}
 223              	.L35:
 224              		.align	2
 225              	.L34:
 226 0014 003C0240 		.word	1073888256
 228              		.section	.text.FLASH_OB_UserConfig,"ax",%progbits
 229              		.align	1
 230              		.syntax unified
 231              		.thumb
 232              		.thumb_func
 234              	FLASH_OB_UserConfig:
 235              		@ args = 0, pretend = 0, frame = 0
 236              		@ frame_needed = 0, uses_anonymous_args = 0
 237 0000 F8B5     		push	{r3, r4, r5, r6, r7, lr}
 238 0002 0446     		mov	r4, r0
 239 0004 0E46     		mov	r6, r1
 240 0006 1546     		mov	r5, r2
 241 0008 4CF25030 		movw	r0, #50000
 242 000c FFF7FEFF 		bl	FLASH_WaitForLastOperation
 243 0010 48B9     		cbnz	r0, .L37
 244 0012 054F     		ldr	r7, .L39
 245 0014 3B7D     		ldrb	r3, [r7, #20]	@ zero_extendqisi2
 246 0016 03F01F03 		and	r3, r3, #31
 247 001a 43EA0601 		orr	r1, r3, r6
ARM GAS  C:\Users\VIKRAM~1\AppData\Local\Temp\ccV2Tf25.s 			page 5


 248 001e 41EA0502 		orr	r2, r1, r5
 249 0022 2243     		orrs	r2, r2, r4
 250 0024 3A75     		strb	r2, [r7, #20]
 251              	.L37:
 252 0026 F8BD     		pop	{r3, r4, r5, r6, r7, pc}
 253              	.L40:
 254              		.align	2
 255              	.L39:
 256 0028 003C0240 		.word	1073888256
 258              		.section	.text.FLASH_OB_EnablePCROP,"ax",%progbits
 259              		.align	1
 260              		.syntax unified
 261              		.thumb
 262              		.thumb_func
 264              	FLASH_OB_EnablePCROP:
 265              		@ args = 0, pretend = 0, frame = 0
 266              		@ frame_needed = 0, uses_anonymous_args = 0
 267 0000 10B5     		push	{r4, lr}
 268 0002 0446     		mov	r4, r0
 269 0004 4CF25030 		movw	r0, #50000
 270 0008 FFF7FEFF 		bl	FLASH_WaitForLastOperation
 271 000c 28B9     		cbnz	r0, .L42
 272 000e 034A     		ldr	r2, .L44
 273 0010 D38A     		ldrh	r3, [r2, #22]
 274 0012 9BB2     		uxth	r3, r3
 275 0014 A4B2     		uxth	r4, r4
 276 0016 2343     		orrs	r3, r3, r4
 277 0018 D382     		strh	r3, [r2, #22]	@ movhi
 278              	.L42:
 279 001a 10BD     		pop	{r4, pc}
 280              	.L45:
 281              		.align	2
 282              	.L44:
 283 001c 003C0240 		.word	1073888256
 285              		.section	.text.FLASH_OB_DisablePCROP,"ax",%progbits
 286              		.align	1
 287              		.syntax unified
 288              		.thumb
 289              		.thumb_func
 291              	FLASH_OB_DisablePCROP:
 292              		@ args = 0, pretend = 0, frame = 0
 293              		@ frame_needed = 0, uses_anonymous_args = 0
 294 0000 10B5     		push	{r4, lr}
 295 0002 0446     		mov	r4, r0
 296 0004 4CF25030 		movw	r0, #50000
 297 0008 FFF7FEFF 		bl	FLASH_WaitForLastOperation
 298 000c 28B9     		cbnz	r0, .L47
 299 000e 034A     		ldr	r2, .L49
 300 0010 D38A     		ldrh	r3, [r2, #22]
 301 0012 9BB2     		uxth	r3, r3
 302 0014 23EA0403 		bic	r3, r3, r4
 303 0018 D382     		strh	r3, [r2, #22]	@ movhi
 304              	.L47:
 305 001a 10BD     		pop	{r4, pc}
 306              	.L50:
 307              		.align	2
 308              	.L49:
ARM GAS  C:\Users\VIKRAM~1\AppData\Local\Temp\ccV2Tf25.s 			page 6


 309 001c 003C0240 		.word	1073888256
 311              		.section	.text.HAL_FLASHEx_OBProgram,"ax",%progbits
 312              		.align	1
 313              		.global	HAL_FLASHEx_OBProgram
 314              		.syntax unified
 315              		.thumb
 316              		.thumb_func
 318              	HAL_FLASHEx_OBProgram:
 319              		@ args = 0, pretend = 0, frame = 0
 320              		@ frame_needed = 0, uses_anonymous_args = 0
 321 0000 1F4B     		ldr	r3, .L68
 322 0002 1B7E     		ldrb	r3, [r3, #24]	@ zero_extendqisi2
 323 0004 012B     		cmp	r3, #1
 324 0006 38D0     		beq	.L58
 325 0008 10B5     		push	{r4, lr}
 326 000a 0446     		mov	r4, r0
 327 000c 1C4B     		ldr	r3, .L68
 328 000e 0122     		movs	r2, #1
 329 0010 1A76     		strb	r2, [r3, #24]
 330 0012 0368     		ldr	r3, [r0]
 331 0014 13F0010F 		tst	r3, #1
 332 0018 0CD0     		beq	.L59
 333 001a 4368     		ldr	r3, [r0, #4]
 334 001c 9342     		cmp	r3, r2
 335 001e 04D0     		beq	.L64
 336 0020 C168     		ldr	r1, [r0, #12]
 337 0022 8068     		ldr	r0, [r0, #8]
 338 0024 FFF7FEFF 		bl	FLASH_OB_DisableWRP
 339 0028 05E0     		b	.L53
 340              	.L64:
 341 002a C168     		ldr	r1, [r0, #12]
 342 002c 8068     		ldr	r0, [r0, #8]
 343 002e FFF7FEFF 		bl	FLASH_OB_EnableWRP
 344 0032 00E0     		b	.L53
 345              	.L59:
 346 0034 0120     		movs	r0, #1
 347              	.L53:
 348 0036 2368     		ldr	r3, [r4]
 349 0038 13F0020F 		tst	r3, #2
 350 003c 0BD1     		bne	.L65
 351              	.L55:
 352 003e 2368     		ldr	r3, [r4]
 353 0040 13F0040F 		tst	r3, #4
 354 0044 0BD1     		bne	.L66
 355              	.L56:
 356 0046 2368     		ldr	r3, [r4]
 357 0048 13F0080F 		tst	r3, #8
 358 004c 11D1     		bne	.L67
 359              	.L57:
 360 004e 0C4B     		ldr	r3, .L68
 361 0050 0022     		movs	r2, #0
 362 0052 1A76     		strb	r2, [r3, #24]
 363 0054 10BD     		pop	{r4, pc}
 364              	.L65:
 365 0056 207C     		ldrb	r0, [r4, #16]	@ zero_extendqisi2
 366 0058 FFF7FEFF 		bl	FLASH_OB_RDP_LevelConfig
 367 005c EFE7     		b	.L55
ARM GAS  C:\Users\VIKRAM~1\AppData\Local\Temp\ccV2Tf25.s 			page 7


 368              	.L66:
 369 005e 207E     		ldrb	r0, [r4, #24]	@ zero_extendqisi2
 370 0060 00F08002 		and	r2, r0, #128
 371 0064 00F04001 		and	r1, r0, #64
 372 0068 00F02000 		and	r0, r0, #32
 373 006c FFF7FEFF 		bl	FLASH_OB_UserConfig
 374 0070 E9E7     		b	.L56
 375              	.L67:
 376 0072 207D     		ldrb	r0, [r4, #20]	@ zero_extendqisi2
 377 0074 FFF7FEFF 		bl	FLASH_OB_BOR_LevelConfig
 378 0078 E9E7     		b	.L57
 379              	.L58:
 380 007a 0220     		movs	r0, #2
 381 007c 7047     		bx	lr
 382              	.L69:
 383 007e 00BF     		.align	2
 384              	.L68:
 385 0080 00000000 		.word	pFlash
 387              		.section	.text.HAL_FLASHEx_OBGetConfig,"ax",%progbits
 388              		.align	1
 389              		.global	HAL_FLASHEx_OBGetConfig
 390              		.syntax unified
 391              		.thumb
 392              		.thumb_func
 394              	HAL_FLASHEx_OBGetConfig:
 395              		@ args = 0, pretend = 0, frame = 0
 396              		@ frame_needed = 0, uses_anonymous_args = 0
 397 0000 10B5     		push	{r4, lr}
 398 0002 0446     		mov	r4, r0
 399 0004 0F23     		movs	r3, #15
 400 0006 0360     		str	r3, [r0]
 401 0008 FFF7FEFF 		bl	FLASH_OB_GetWRP
 402 000c A060     		str	r0, [r4, #8]
 403 000e FFF7FEFF 		bl	FLASH_OB_GetRDP
 404 0012 2061     		str	r0, [r4, #16]
 405 0014 FFF7FEFF 		bl	FLASH_OB_GetUser
 406 0018 2076     		strb	r0, [r4, #24]
 407 001a FFF7FEFF 		bl	FLASH_OB_GetBOR
 408 001e 6061     		str	r0, [r4, #20]
 409 0020 10BD     		pop	{r4, pc}
 411              		.section	.text.HAL_FLASHEx_AdvOBProgram,"ax",%progbits
 412              		.align	1
 413              		.global	HAL_FLASHEx_AdvOBProgram
 414              		.syntax unified
 415              		.thumb
 416              		.thumb_func
 418              	HAL_FLASHEx_AdvOBProgram:
 419              		@ args = 0, pretend = 0, frame = 0
 420              		@ frame_needed = 0, uses_anonymous_args = 0
 421 0000 08B5     		push	{r3, lr}
 422 0002 0368     		ldr	r3, [r0]
 423 0004 13F0010F 		tst	r3, #1
 424 0008 0AD0     		beq	.L75
 425 000a 4368     		ldr	r3, [r0, #4]
 426 000c 012B     		cmp	r3, #1
 427 000e 03D0     		beq	.L77
 428 0010 0089     		ldrh	r0, [r0, #8]
ARM GAS  C:\Users\VIKRAM~1\AppData\Local\Temp\ccV2Tf25.s 			page 8


 429 0012 FFF7FEFF 		bl	FLASH_OB_DisablePCROP
 430 0016 04E0     		b	.L73
 431              	.L77:
 432 0018 0089     		ldrh	r0, [r0, #8]
 433 001a FFF7FEFF 		bl	FLASH_OB_EnablePCROP
 434 001e 00E0     		b	.L73
 435              	.L75:
 436 0020 0120     		movs	r0, #1
 437              	.L73:
 438 0022 08BD     		pop	{r3, pc}
 440              		.section	.text.HAL_FLASHEx_AdvOBGetConfig,"ax",%progbits
 441              		.align	1
 442              		.global	HAL_FLASHEx_AdvOBGetConfig
 443              		.syntax unified
 444              		.thumb
 445              		.thumb_func
 447              	HAL_FLASHEx_AdvOBGetConfig:
 448              		@ args = 0, pretend = 0, frame = 0
 449              		@ frame_needed = 0, uses_anonymous_args = 0
 450              		@ link register save eliminated.
 451 0000 014B     		ldr	r3, .L79
 452 0002 DB8A     		ldrh	r3, [r3, #22]
 453 0004 0381     		strh	r3, [r0, #8]	@ movhi
 454 0006 7047     		bx	lr
 455              	.L80:
 456              		.align	2
 457              	.L79:
 458 0008 003C0240 		.word	1073888256
 460              		.section	.text.HAL_FLASHEx_OB_SelectPCROP,"ax",%progbits
 461              		.align	1
 462              		.global	HAL_FLASHEx_OB_SelectPCROP
 463              		.syntax unified
 464              		.thumb
 465              		.thumb_func
 467              	HAL_FLASHEx_OB_SelectPCROP:
 468              		@ args = 0, pretend = 0, frame = 0
 469              		@ frame_needed = 0, uses_anonymous_args = 0
 470              		@ link register save eliminated.
 471 0000 034A     		ldr	r2, .L82
 472 0002 D37D     		ldrb	r3, [r2, #23]	@ zero_extendqisi2
 473 0004 43F08003 		orr	r3, r3, #128
 474 0008 D375     		strb	r3, [r2, #23]
 475 000a 0020     		movs	r0, #0
 476 000c 7047     		bx	lr
 477              	.L83:
 478 000e 00BF     		.align	2
 479              	.L82:
 480 0010 003C0240 		.word	1073888256
 482              		.section	.text.HAL_FLASHEx_OB_DeSelectPCROP,"ax",%progbits
 483              		.align	1
 484              		.global	HAL_FLASHEx_OB_DeSelectPCROP
 485              		.syntax unified
 486              		.thumb
 487              		.thumb_func
 489              	HAL_FLASHEx_OB_DeSelectPCROP:
 490              		@ args = 0, pretend = 0, frame = 0
 491              		@ frame_needed = 0, uses_anonymous_args = 0
ARM GAS  C:\Users\VIKRAM~1\AppData\Local\Temp\ccV2Tf25.s 			page 9


 492              		@ link register save eliminated.
 493 0000 034A     		ldr	r2, .L85
 494 0002 D37D     		ldrb	r3, [r2, #23]	@ zero_extendqisi2
 495 0004 03F07F03 		and	r3, r3, #127
 496 0008 D375     		strb	r3, [r2, #23]
 497 000a 0020     		movs	r0, #0
 498 000c 7047     		bx	lr
 499              	.L86:
 500 000e 00BF     		.align	2
 501              	.L85:
 502 0010 003C0240 		.word	1073888256
 504              		.section	.text.FLASH_Erase_Sector,"ax",%progbits
 505              		.align	1
 506              		.global	FLASH_Erase_Sector
 507              		.syntax unified
 508              		.thumb
 509              		.thumb_func
 511              	FLASH_Erase_Sector:
 512              		@ args = 0, pretend = 0, frame = 0
 513              		@ frame_needed = 0, uses_anonymous_args = 0
 514              		@ link register save eliminated.
 515 0000 0129     		cmp	r1, #1
 516 0002 05D0     		beq	.L89
 517 0004 0229     		cmp	r1, #2
 518 0006 06D0     		beq	.L90
 519 0008 39B1     		cbz	r1, .L88
 520 000a 4FF44071 		mov	r1, #768
 521 000e 04E0     		b	.L88
 522              	.L89:
 523 0010 4FF48071 		mov	r1, #256
 524 0014 01E0     		b	.L88
 525              	.L90:
 526 0016 4FF40071 		mov	r1, #512
 527              	.L88:
 528 001a 0B4B     		ldr	r3, .L92
 529 001c 1A69     		ldr	r2, [r3, #16]
 530 001e 22F44072 		bic	r2, r2, #768
 531 0022 1A61     		str	r2, [r3, #16]
 532 0024 1A69     		ldr	r2, [r3, #16]
 533 0026 0A43     		orrs	r2, r2, r1
 534 0028 1A61     		str	r2, [r3, #16]
 535 002a 1A69     		ldr	r2, [r3, #16]
 536 002c 22F0F802 		bic	r2, r2, #248
 537 0030 1A61     		str	r2, [r3, #16]
 538 0032 1A69     		ldr	r2, [r3, #16]
 539 0034 42EAC000 		orr	r0, r2, r0, lsl #3
 540 0038 40F00200 		orr	r0, r0, #2
 541 003c 1861     		str	r0, [r3, #16]
 542 003e 1A69     		ldr	r2, [r3, #16]
 543 0040 42F48032 		orr	r2, r2, #65536
 544 0044 1A61     		str	r2, [r3, #16]
 545 0046 7047     		bx	lr
 546              	.L93:
 547              		.align	2
 548              	.L92:
 549 0048 003C0240 		.word	1073888256
 551              		.section	.text.HAL_FLASHEx_Erase_IT,"ax",%progbits
ARM GAS  C:\Users\VIKRAM~1\AppData\Local\Temp\ccV2Tf25.s 			page 10


 552              		.align	1
 553              		.global	HAL_FLASHEx_Erase_IT
 554              		.syntax unified
 555              		.thumb
 556              		.thumb_func
 558              	HAL_FLASHEx_Erase_IT:
 559              		@ args = 0, pretend = 0, frame = 0
 560              		@ frame_needed = 0, uses_anonymous_args = 0
 561 0000 08B5     		push	{r3, lr}
 562 0002 124B     		ldr	r3, .L99
 563 0004 1A69     		ldr	r2, [r3, #16]
 564 0006 42F08072 		orr	r2, r2, #16777216
 565 000a 1A61     		str	r2, [r3, #16]
 566 000c 1A69     		ldr	r2, [r3, #16]
 567 000e 42F00072 		orr	r2, r2, #33554432
 568 0012 1A61     		str	r2, [r3, #16]
 569 0014 F322     		movs	r2, #243
 570 0016 DA60     		str	r2, [r3, #12]
 571 0018 0368     		ldr	r3, [r0]
 572 001a 012B     		cmp	r3, #1
 573 001c 0DD0     		beq	.L98
 574 001e 0C4B     		ldr	r3, .L99+4
 575 0020 0122     		movs	r2, #1
 576 0022 1A70     		strb	r2, [r3]
 577 0024 C268     		ldr	r2, [r0, #12]
 578 0026 5A60     		str	r2, [r3, #4]
 579 0028 8268     		ldr	r2, [r0, #8]
 580 002a DA60     		str	r2, [r3, #12]
 581 002c 017C     		ldrb	r1, [r0, #16]	@ zero_extendqisi2
 582 002e 1972     		strb	r1, [r3, #8]
 583 0030 8068     		ldr	r0, [r0, #8]
 584 0032 FFF7FEFF 		bl	FLASH_Erase_Sector
 585              	.L96:
 586 0036 0020     		movs	r0, #0
 587 0038 08BD     		pop	{r3, pc}
 588              	.L98:
 589 003a 054B     		ldr	r3, .L99+4
 590 003c 0222     		movs	r2, #2
 591 003e 1A70     		strb	r2, [r3]
 592 0040 4168     		ldr	r1, [r0, #4]
 593 0042 1961     		str	r1, [r3, #16]
 594 0044 007C     		ldrb	r0, [r0, #16]	@ zero_extendqisi2
 595 0046 FFF7FEFF 		bl	FLASH_MassErase
 596 004a F4E7     		b	.L96
 597              	.L100:
 598              		.align	2
 599              	.L99:
 600 004c 003C0240 		.word	1073888256
 601 0050 00000000 		.word	pFlash
 603              		.section	.text.FLASH_FlushCaches,"ax",%progbits
 604              		.align	1
 605              		.global	FLASH_FlushCaches
 606              		.syntax unified
 607              		.thumb
 608              		.thumb_func
 610              	FLASH_FlushCaches:
 611              		@ args = 0, pretend = 0, frame = 0
ARM GAS  C:\Users\VIKRAM~1\AppData\Local\Temp\ccV2Tf25.s 			page 11


 612              		@ frame_needed = 0, uses_anonymous_args = 0
 613              		@ link register save eliminated.
 614 0000 164B     		ldr	r3, .L104
 615 0002 1B68     		ldr	r3, [r3]
 616 0004 13F4007F 		tst	r3, #512
 617 0008 10D0     		beq	.L102
 618 000a 144B     		ldr	r3, .L104
 619 000c 1A68     		ldr	r2, [r3]
 620 000e 22F40072 		bic	r2, r2, #512
 621 0012 1A60     		str	r2, [r3]
 622 0014 1A68     		ldr	r2, [r3]
 623 0016 42F40062 		orr	r2, r2, #2048
 624 001a 1A60     		str	r2, [r3]
 625 001c 1A68     		ldr	r2, [r3]
 626 001e 22F40062 		bic	r2, r2, #2048
 627 0022 1A60     		str	r2, [r3]
 628 0024 1A68     		ldr	r2, [r3]
 629 0026 42F40072 		orr	r2, r2, #512
 630 002a 1A60     		str	r2, [r3]
 631              	.L102:
 632 002c 0B4B     		ldr	r3, .L104
 633 002e 1B68     		ldr	r3, [r3]
 634 0030 13F4806F 		tst	r3, #1024
 635 0034 10D0     		beq	.L101
 636 0036 094B     		ldr	r3, .L104
 637 0038 1A68     		ldr	r2, [r3]
 638 003a 22F48062 		bic	r2, r2, #1024
 639 003e 1A60     		str	r2, [r3]
 640 0040 1A68     		ldr	r2, [r3]
 641 0042 42F48052 		orr	r2, r2, #4096
 642 0046 1A60     		str	r2, [r3]
 643 0048 1A68     		ldr	r2, [r3]
 644 004a 22F48052 		bic	r2, r2, #4096
 645 004e 1A60     		str	r2, [r3]
 646 0050 1A68     		ldr	r2, [r3]
 647 0052 42F48062 		orr	r2, r2, #1024
 648 0056 1A60     		str	r2, [r3]
 649              	.L101:
 650 0058 7047     		bx	lr
 651              	.L105:
 652 005a 00BF     		.align	2
 653              	.L104:
 654 005c 003C0240 		.word	1073888256
 656              		.section	.text.HAL_FLASHEx_Erase,"ax",%progbits
 657              		.align	1
 658              		.global	HAL_FLASHEx_Erase
 659              		.syntax unified
 660              		.thumb
 661              		.thumb_func
 663              	HAL_FLASHEx_Erase:
 664              		@ args = 0, pretend = 0, frame = 0
 665              		@ frame_needed = 0, uses_anonymous_args = 0
 666 0000 F8B5     		push	{r3, r4, r5, r6, r7, lr}
 667 0002 224B     		ldr	r3, .L118
 668 0004 1B7E     		ldrb	r3, [r3, #24]	@ zero_extendqisi2
 669 0006 012B     		cmp	r3, #1
 670 0008 3ED0     		beq	.L114
ARM GAS  C:\Users\VIKRAM~1\AppData\Local\Temp\ccV2Tf25.s 			page 12


 671 000a 0446     		mov	r4, r0
 672 000c 0E46     		mov	r6, r1
 673 000e 1F4B     		ldr	r3, .L118
 674 0010 0122     		movs	r2, #1
 675 0012 1A76     		strb	r2, [r3, #24]
 676 0014 4CF25030 		movw	r0, #50000
 677 0018 FFF7FEFF 		bl	FLASH_WaitForLastOperation
 678 001c 0746     		mov	r7, r0
 679 001e 70BB     		cbnz	r0, .L108
 680 0020 4FF0FF33 		mov	r3, #-1
 681 0024 3360     		str	r3, [r6]
 682 0026 2368     		ldr	r3, [r4]
 683 0028 012B     		cmp	r3, #1
 684 002a 16D0     		beq	.L116
 685 002c A568     		ldr	r5, [r4, #8]
 686              	.L111:
 687 002e E368     		ldr	r3, [r4, #12]
 688 0030 A268     		ldr	r2, [r4, #8]
 689 0032 1344     		add	r3, r3, r2
 690 0034 AB42     		cmp	r3, r5
 691 0036 20D9     		bls	.L110
 692 0038 217C     		ldrb	r1, [r4, #16]	@ zero_extendqisi2
 693 003a 2846     		mov	r0, r5
 694 003c FFF7FEFF 		bl	FLASH_Erase_Sector
 695 0040 4CF25030 		movw	r0, #50000
 696 0044 FFF7FEFF 		bl	FLASH_WaitForLastOperation
 697 0048 114A     		ldr	r2, .L118+4
 698 004a 1369     		ldr	r3, [r2, #16]
 699 004c 23F0FA03 		bic	r3, r3, #250
 700 0050 1361     		str	r3, [r2, #16]
 701 0052 0746     		mov	r7, r0
 702 0054 80B9     		cbnz	r0, .L117
 703 0056 0135     		adds	r5, r5, #1
 704 0058 E9E7     		b	.L111
 705              	.L116:
 706 005a 6168     		ldr	r1, [r4, #4]
 707 005c 207C     		ldrb	r0, [r4, #16]	@ zero_extendqisi2
 708 005e FFF7FEFF 		bl	FLASH_MassErase
 709 0062 4CF25030 		movw	r0, #50000
 710 0066 FFF7FEFF 		bl	FLASH_WaitForLastOperation
 711 006a 0746     		mov	r7, r0
 712 006c 084A     		ldr	r2, .L118+4
 713 006e 1369     		ldr	r3, [r2, #16]
 714 0070 23F00403 		bic	r3, r3, #4
 715 0074 1361     		str	r3, [r2, #16]
 716 0076 00E0     		b	.L110
 717              	.L117:
 718 0078 3560     		str	r5, [r6]
 719              	.L110:
 720 007a FFF7FEFF 		bl	FLASH_FlushCaches
 721              	.L108:
 722 007e 034B     		ldr	r3, .L118
 723 0080 0022     		movs	r2, #0
 724 0082 1A76     		strb	r2, [r3, #24]
 725              	.L107:
 726 0084 3846     		mov	r0, r7
 727 0086 F8BD     		pop	{r3, r4, r5, r6, r7, pc}
ARM GAS  C:\Users\VIKRAM~1\AppData\Local\Temp\ccV2Tf25.s 			page 13


 728              	.L114:
 729 0088 0227     		movs	r7, #2
 730 008a FBE7     		b	.L107
 731              	.L119:
 732              		.align	2
 733              	.L118:
 734 008c 00000000 		.word	pFlash
 735 0090 003C0240 		.word	1073888256
 737              		.ident	"GCC: (xPack GNU Arm Embedded GCC x86_64) 13.3.1 20240614"
ARM GAS  C:\Users\VIKRAM~1\AppData\Local\Temp\ccV2Tf25.s 			page 14


DEFINED SYMBOLS
                            *ABS*:00000000 stm32f4xx_hal_flash_ex.c
C:\Users\VIKRAM~1\AppData\Local\Temp\ccV2Tf25.s:18     .text.FLASH_MassErase:00000000 $t
C:\Users\VIKRAM~1\AppData\Local\Temp\ccV2Tf25.s:23     .text.FLASH_MassErase:00000000 FLASH_MassErase
C:\Users\VIKRAM~1\AppData\Local\Temp\ccV2Tf25.s:42     .text.FLASH_MassErase:00000020 $d
C:\Users\VIKRAM~1\AppData\Local\Temp\ccV2Tf25.s:45     .text.FLASH_OB_BOR_LevelConfig:00000000 $t
C:\Users\VIKRAM~1\AppData\Local\Temp\ccV2Tf25.s:50     .text.FLASH_OB_BOR_LevelConfig:00000000 FLASH_OB_BOR_LevelConfig
C:\Users\VIKRAM~1\AppData\Local\Temp\ccV2Tf25.s:66     .text.FLASH_OB_BOR_LevelConfig:00000014 $d
C:\Users\VIKRAM~1\AppData\Local\Temp\ccV2Tf25.s:69     .text.FLASH_OB_GetUser:00000000 $t
C:\Users\VIKRAM~1\AppData\Local\Temp\ccV2Tf25.s:74     .text.FLASH_OB_GetUser:00000000 FLASH_OB_GetUser
C:\Users\VIKRAM~1\AppData\Local\Temp\ccV2Tf25.s:85     .text.FLASH_OB_GetUser:0000000c $d
C:\Users\VIKRAM~1\AppData\Local\Temp\ccV2Tf25.s:88     .text.FLASH_OB_GetWRP:00000000 $t
C:\Users\VIKRAM~1\AppData\Local\Temp\ccV2Tf25.s:93     .text.FLASH_OB_GetWRP:00000000 FLASH_OB_GetWRP
C:\Users\VIKRAM~1\AppData\Local\Temp\ccV2Tf25.s:104    .text.FLASH_OB_GetWRP:00000008 $d
C:\Users\VIKRAM~1\AppData\Local\Temp\ccV2Tf25.s:107    .text.FLASH_OB_GetRDP:00000000 $t
C:\Users\VIKRAM~1\AppData\Local\Temp\ccV2Tf25.s:112    .text.FLASH_OB_GetRDP:00000000 FLASH_OB_GetRDP
C:\Users\VIKRAM~1\AppData\Local\Temp\ccV2Tf25.s:131    .text.FLASH_OB_GetRDP:00000018 $d
C:\Users\VIKRAM~1\AppData\Local\Temp\ccV2Tf25.s:134    .text.FLASH_OB_GetBOR:00000000 $t
C:\Users\VIKRAM~1\AppData\Local\Temp\ccV2Tf25.s:139    .text.FLASH_OB_GetBOR:00000000 FLASH_OB_GetBOR
C:\Users\VIKRAM~1\AppData\Local\Temp\ccV2Tf25.s:150    .text.FLASH_OB_GetBOR:0000000c $d
C:\Users\VIKRAM~1\AppData\Local\Temp\ccV2Tf25.s:153    .text.FLASH_OB_EnableWRP:00000000 $t
C:\Users\VIKRAM~1\AppData\Local\Temp\ccV2Tf25.s:158    .text.FLASH_OB_EnableWRP:00000000 FLASH_OB_EnableWRP
C:\Users\VIKRAM~1\AppData\Local\Temp\ccV2Tf25.s:176    .text.FLASH_OB_EnableWRP:0000001c $d
C:\Users\VIKRAM~1\AppData\Local\Temp\ccV2Tf25.s:179    .text.FLASH_OB_DisableWRP:00000000 $t
C:\Users\VIKRAM~1\AppData\Local\Temp\ccV2Tf25.s:184    .text.FLASH_OB_DisableWRP:00000000 FLASH_OB_DisableWRP
C:\Users\VIKRAM~1\AppData\Local\Temp\ccV2Tf25.s:203    .text.FLASH_OB_DisableWRP:0000001c $d
C:\Users\VIKRAM~1\AppData\Local\Temp\ccV2Tf25.s:206    .text.FLASH_OB_RDP_LevelConfig:00000000 $t
C:\Users\VIKRAM~1\AppData\Local\Temp\ccV2Tf25.s:211    .text.FLASH_OB_RDP_LevelConfig:00000000 FLASH_OB_RDP_LevelConfig
C:\Users\VIKRAM~1\AppData\Local\Temp\ccV2Tf25.s:226    .text.FLASH_OB_RDP_LevelConfig:00000014 $d
C:\Users\VIKRAM~1\AppData\Local\Temp\ccV2Tf25.s:229    .text.FLASH_OB_UserConfig:00000000 $t
C:\Users\VIKRAM~1\AppData\Local\Temp\ccV2Tf25.s:234    .text.FLASH_OB_UserConfig:00000000 FLASH_OB_UserConfig
C:\Users\VIKRAM~1\AppData\Local\Temp\ccV2Tf25.s:256    .text.FLASH_OB_UserConfig:00000028 $d
C:\Users\VIKRAM~1\AppData\Local\Temp\ccV2Tf25.s:259    .text.FLASH_OB_EnablePCROP:00000000 $t
C:\Users\VIKRAM~1\AppData\Local\Temp\ccV2Tf25.s:264    .text.FLASH_OB_EnablePCROP:00000000 FLASH_OB_EnablePCROP
C:\Users\VIKRAM~1\AppData\Local\Temp\ccV2Tf25.s:283    .text.FLASH_OB_EnablePCROP:0000001c $d
C:\Users\VIKRAM~1\AppData\Local\Temp\ccV2Tf25.s:286    .text.FLASH_OB_DisablePCROP:00000000 $t
C:\Users\VIKRAM~1\AppData\Local\Temp\ccV2Tf25.s:291    .text.FLASH_OB_DisablePCROP:00000000 FLASH_OB_DisablePCROP
C:\Users\VIKRAM~1\AppData\Local\Temp\ccV2Tf25.s:309    .text.FLASH_OB_DisablePCROP:0000001c $d
C:\Users\VIKRAM~1\AppData\Local\Temp\ccV2Tf25.s:312    .text.HAL_FLASHEx_OBProgram:00000000 $t
C:\Users\VIKRAM~1\AppData\Local\Temp\ccV2Tf25.s:318    .text.HAL_FLASHEx_OBProgram:00000000 HAL_FLASHEx_OBProgram
C:\Users\VIKRAM~1\AppData\Local\Temp\ccV2Tf25.s:385    .text.HAL_FLASHEx_OBProgram:00000080 $d
C:\Users\VIKRAM~1\AppData\Local\Temp\ccV2Tf25.s:388    .text.HAL_FLASHEx_OBGetConfig:00000000 $t
C:\Users\VIKRAM~1\AppData\Local\Temp\ccV2Tf25.s:394    .text.HAL_FLASHEx_OBGetConfig:00000000 HAL_FLASHEx_OBGetConfig
C:\Users\VIKRAM~1\AppData\Local\Temp\ccV2Tf25.s:412    .text.HAL_FLASHEx_AdvOBProgram:00000000 $t
C:\Users\VIKRAM~1\AppData\Local\Temp\ccV2Tf25.s:418    .text.HAL_FLASHEx_AdvOBProgram:00000000 HAL_FLASHEx_AdvOBProgram
C:\Users\VIKRAM~1\AppData\Local\Temp\ccV2Tf25.s:441    .text.HAL_FLASHEx_AdvOBGetConfig:00000000 $t
C:\Users\VIKRAM~1\AppData\Local\Temp\ccV2Tf25.s:447    .text.HAL_FLASHEx_AdvOBGetConfig:00000000 HAL_FLASHEx_AdvOBGetConfig
C:\Users\VIKRAM~1\AppData\Local\Temp\ccV2Tf25.s:458    .text.HAL_FLASHEx_AdvOBGetConfig:00000008 $d
C:\Users\VIKRAM~1\AppData\Local\Temp\ccV2Tf25.s:461    .text.HAL_FLASHEx_OB_SelectPCROP:00000000 $t
C:\Users\VIKRAM~1\AppData\Local\Temp\ccV2Tf25.s:467    .text.HAL_FLASHEx_OB_SelectPCROP:00000000 HAL_FLASHEx_OB_SelectPCROP
C:\Users\VIKRAM~1\AppData\Local\Temp\ccV2Tf25.s:480    .text.HAL_FLASHEx_OB_SelectPCROP:00000010 $d
C:\Users\VIKRAM~1\AppData\Local\Temp\ccV2Tf25.s:483    .text.HAL_FLASHEx_OB_DeSelectPCROP:00000000 $t
C:\Users\VIKRAM~1\AppData\Local\Temp\ccV2Tf25.s:489    .text.HAL_FLASHEx_OB_DeSelectPCROP:00000000 HAL_FLASHEx_OB_DeSelectPCROP
C:\Users\VIKRAM~1\AppData\Local\Temp\ccV2Tf25.s:502    .text.HAL_FLASHEx_OB_DeSelectPCROP:00000010 $d
C:\Users\VIKRAM~1\AppData\Local\Temp\ccV2Tf25.s:505    .text.FLASH_Erase_Sector:00000000 $t
C:\Users\VIKRAM~1\AppData\Local\Temp\ccV2Tf25.s:511    .text.FLASH_Erase_Sector:00000000 FLASH_Erase_Sector
C:\Users\VIKRAM~1\AppData\Local\Temp\ccV2Tf25.s:549    .text.FLASH_Erase_Sector:00000048 $d
ARM GAS  C:\Users\VIKRAM~1\AppData\Local\Temp\ccV2Tf25.s 			page 15


C:\Users\VIKRAM~1\AppData\Local\Temp\ccV2Tf25.s:552    .text.HAL_FLASHEx_Erase_IT:00000000 $t
C:\Users\VIKRAM~1\AppData\Local\Temp\ccV2Tf25.s:558    .text.HAL_FLASHEx_Erase_IT:00000000 HAL_FLASHEx_Erase_IT
C:\Users\VIKRAM~1\AppData\Local\Temp\ccV2Tf25.s:600    .text.HAL_FLASHEx_Erase_IT:0000004c $d
C:\Users\VIKRAM~1\AppData\Local\Temp\ccV2Tf25.s:604    .text.FLASH_FlushCaches:00000000 $t
C:\Users\VIKRAM~1\AppData\Local\Temp\ccV2Tf25.s:610    .text.FLASH_FlushCaches:00000000 FLASH_FlushCaches
C:\Users\VIKRAM~1\AppData\Local\Temp\ccV2Tf25.s:654    .text.FLASH_FlushCaches:0000005c $d
C:\Users\VIKRAM~1\AppData\Local\Temp\ccV2Tf25.s:657    .text.HAL_FLASHEx_Erase:00000000 $t
C:\Users\VIKRAM~1\AppData\Local\Temp\ccV2Tf25.s:663    .text.HAL_FLASHEx_Erase:00000000 HAL_FLASHEx_Erase
C:\Users\VIKRAM~1\AppData\Local\Temp\ccV2Tf25.s:734    .text.HAL_FLASHEx_Erase:0000008c $d

UNDEFINED SYMBOLS
FLASH_WaitForLastOperation
pFlash
