ARM GAS  C:\Users\VIKRAM~1\AppData\Local\Temp\ccu46eNh.s 			page 1


   1              		.cpu cortex-m4
   2              		.arch armv7e-m
   3              		.fpu fpv4-sp-d16
   4              		.eabi_attribute 27, 1
   5              		.eabi_attribute 28, 1
   6              		.eabi_attribute 20, 1
   7              		.eabi_attribute 21, 1
   8              		.eabi_attribute 23, 3
   9              		.eabi_attribute 24, 1
  10              		.eabi_attribute 25, 1
  11              		.eabi_attribute 26, 1
  12              		.eabi_attribute 30, 1
  13              		.eabi_attribute 34, 1
  14              		.eabi_attribute 18, 4
  15              		.file	"stm32f4xx_hal_gpio.c"
  16              		.text
  17              		.section	.text.HAL_GPIO_Init,"ax",%progbits
  18              		.align	1
  19              		.global	HAL_GPIO_Init
  20              		.syntax unified
  21              		.thumb
  22              		.thumb_func
  24              	HAL_GPIO_Init:
  25              		@ args = 0, pretend = 0, frame = 8
  26              		@ frame_needed = 0, uses_anonymous_args = 0
  27 0000 0023     		movs	r3, #0
  28 0002 0F2B     		cmp	r3, #15
  29 0004 00F2D780 		bhi	.L21
  30 0008 70B5     		push	{r4, r5, r6, lr}
  31 000a 82B0     		sub	sp, sp, #8
  32 000c 65E0     		b	.L12
  33              	.L23:
  34 000e 8568     		ldr	r5, [r0, #8]
  35 0010 4FEA430E 		lsl	lr, r3, #1
  36 0014 0324     		movs	r4, #3
  37 0016 04FA0EF4 		lsl	r4, r4, lr
  38 001a 25EA0405 		bic	r5, r5, r4
  39 001e CC68     		ldr	r4, [r1, #12]
  40 0020 04FA0EF4 		lsl	r4, r4, lr
  41 0024 2C43     		orrs	r4, r4, r5
  42 0026 8460     		str	r4, [r0, #8]
  43 0028 4468     		ldr	r4, [r0, #4]
  44 002a 24EA0204 		bic	r4, r4, r2
  45 002e 4A68     		ldr	r2, [r1, #4]
  46 0030 C2F30012 		ubfx	r2, r2, #4, #1
  47 0034 9A40     		lsls	r2, r2, r3
  48 0036 2243     		orrs	r2, r2, r4
  49 0038 4260     		str	r2, [r0, #4]
  50 003a 5CE0     		b	.L4
  51              	.L24:
  52 003c DC08     		lsrs	r4, r3, #3
  53 003e 0834     		adds	r4, r4, #8
  54 0040 50F82420 		ldr	r2, [r0, r4, lsl #2]
  55 0044 03F00705 		and	r5, r3, #7
  56 0048 AD00     		lsls	r5, r5, #2
  57 004a 4FF00F0E 		mov	lr, #15
  58 004e 0EFA05FE 		lsl	lr, lr, r5
ARM GAS  C:\Users\VIKRAM~1\AppData\Local\Temp\ccu46eNh.s 			page 2


  59 0052 22EA0E0E 		bic	lr, r2, lr
  60 0056 0A69     		ldr	r2, [r1, #16]
  61 0058 AA40     		lsls	r2, r2, r5
  62 005a 42EA0E02 		orr	r2, r2, lr
  63 005e 40F82420 		str	r2, [r0, r4, lsl #2]
  64 0062 5CE0     		b	.L6
  65              	.L25:
  66 0064 0422     		movs	r2, #4
  67 0066 00E0     		b	.L7
  68              	.L13:
  69 0068 0022     		movs	r2, #0
  70              	.L7:
  71 006a 02FA0EF2 		lsl	r2, r2, lr
  72 006e 2A43     		orrs	r2, r2, r5
  73 0070 0234     		adds	r4, r4, #2
  74 0072 514D     		ldr	r5, .L26
  75 0074 45F82420 		str	r2, [r5, r4, lsl #2]
  76 0078 504A     		ldr	r2, .L26+4
  77 007a 9468     		ldr	r4, [r2, #8]
  78 007c 6FEA0C02 		mvn	r2, ip
  79 0080 24EA0C05 		bic	r5, r4, ip
  80 0084 4E68     		ldr	r6, [r1, #4]
  81 0086 16F4801F 		tst	r6, #1048576
  82 008a 01D0     		beq	.L8
  83 008c 4CEA0405 		orr	r5, ip, r4
  84              	.L8:
  85 0090 4A4C     		ldr	r4, .L26+4
  86 0092 A560     		str	r5, [r4, #8]
  87 0094 E468     		ldr	r4, [r4, #12]
  88 0096 02EA0405 		and	r5, r2, r4
  89 009a 4E68     		ldr	r6, [r1, #4]
  90 009c 16F4001F 		tst	r6, #2097152
  91 00a0 01D0     		beq	.L9
  92 00a2 4CEA0405 		orr	r5, ip, r4
  93              	.L9:
  94 00a6 454C     		ldr	r4, .L26+4
  95 00a8 E560     		str	r5, [r4, #12]
  96 00aa 6468     		ldr	r4, [r4, #4]
  97 00ac 02EA0405 		and	r5, r2, r4
  98 00b0 4E68     		ldr	r6, [r1, #4]
  99 00b2 16F4003F 		tst	r6, #131072
 100 00b6 01D0     		beq	.L10
 101 00b8 4CEA0405 		orr	r5, ip, r4
 102              	.L10:
 103 00bc 3F4C     		ldr	r4, .L26+4
 104 00be 6560     		str	r5, [r4, #4]
 105 00c0 2468     		ldr	r4, [r4]
 106 00c2 2240     		ands	r2, r2, r4
 107 00c4 4D68     		ldr	r5, [r1, #4]
 108 00c6 15F4803F 		tst	r5, #65536
 109 00ca 01D0     		beq	.L11
 110 00cc 4CEA0402 		orr	r2, ip, r4
 111              	.L11:
 112 00d0 3A4C     		ldr	r4, .L26+4
 113 00d2 2260     		str	r2, [r4]
 114              	.L3:
 115 00d4 0133     		adds	r3, r3, #1
ARM GAS  C:\Users\VIKRAM~1\AppData\Local\Temp\ccu46eNh.s 			page 3


 116 00d6 0F2B     		cmp	r3, #15
 117 00d8 6BD8     		bhi	.L22
 118              	.L12:
 119 00da 0122     		movs	r2, #1
 120 00dc 9A40     		lsls	r2, r2, r3
 121 00de 0C68     		ldr	r4, [r1]
 122 00e0 04EA020C 		and	ip, r4, r2
 123 00e4 32EA0404 		bics	r4, r2, r4
 124 00e8 F4D1     		bne	.L3
 125 00ea 4C68     		ldr	r4, [r1, #4]
 126 00ec 04F00304 		and	r4, r4, #3
 127 00f0 013C     		subs	r4, r4, #1
 128 00f2 012C     		cmp	r4, #1
 129 00f4 8BD9     		bls	.L23
 130              	.L4:
 131 00f6 4A68     		ldr	r2, [r1, #4]
 132 00f8 02F00302 		and	r2, r2, #3
 133 00fc 032A     		cmp	r2, #3
 134 00fe 09D0     		beq	.L5
 135 0100 C468     		ldr	r4, [r0, #12]
 136 0102 5D00     		lsls	r5, r3, #1
 137 0104 0322     		movs	r2, #3
 138 0106 AA40     		lsls	r2, r2, r5
 139 0108 24EA0204 		bic	r4, r4, r2
 140 010c 8A68     		ldr	r2, [r1, #8]
 141 010e AA40     		lsls	r2, r2, r5
 142 0110 2243     		orrs	r2, r2, r4
 143 0112 C260     		str	r2, [r0, #12]
 144              	.L5:
 145 0114 4A68     		ldr	r2, [r1, #4]
 146 0116 02F00302 		and	r2, r2, #3
 147 011a 022A     		cmp	r2, #2
 148 011c 8ED0     		beq	.L24
 149              	.L6:
 150 011e 0468     		ldr	r4, [r0]
 151 0120 4FEA430E 		lsl	lr, r3, #1
 152 0124 0322     		movs	r2, #3
 153 0126 02FA0EF2 		lsl	r2, r2, lr
 154 012a 24EA0204 		bic	r4, r4, r2
 155 012e 4A68     		ldr	r2, [r1, #4]
 156 0130 02F00302 		and	r2, r2, #3
 157 0134 02FA0EF2 		lsl	r2, r2, lr
 158 0138 2243     		orrs	r2, r2, r4
 159 013a 0260     		str	r2, [r0]
 160 013c 4A68     		ldr	r2, [r1, #4]
 161 013e 12F4403F 		tst	r2, #196608
 162 0142 C7D0     		beq	.L3
 163 0144 0022     		movs	r2, #0
 164 0146 0192     		str	r2, [sp, #4]
 165 0148 1D4A     		ldr	r2, .L26+8
 166 014a 546C     		ldr	r4, [r2, #68]
 167 014c 44F48044 		orr	r4, r4, #16384
 168 0150 5464     		str	r4, [r2, #68]
 169 0152 526C     		ldr	r2, [r2, #68]
 170 0154 02F48042 		and	r2, r2, #16384
 171 0158 0192     		str	r2, [sp, #4]
 172 015a 019A     		ldr	r2, [sp, #4]
ARM GAS  C:\Users\VIKRAM~1\AppData\Local\Temp\ccu46eNh.s 			page 4


 173 015c 9C08     		lsrs	r4, r3, #2
 174 015e A51C     		adds	r5, r4, #2
 175 0160 154A     		ldr	r2, .L26
 176 0162 52F82550 		ldr	r5, [r2, r5, lsl #2]
 177 0166 03F0030E 		and	lr, r3, #3
 178 016a 4FEA8E0E 		lsl	lr, lr, #2
 179 016e 0F22     		movs	r2, #15
 180 0170 02FA0EF2 		lsl	r2, r2, lr
 181 0174 25EA0205 		bic	r5, r5, r2
 182 0178 124A     		ldr	r2, .L26+12
 183 017a 9042     		cmp	r0, r2
 184 017c 3FF474AF 		beq	.L13
 185 0180 02F58062 		add	r2, r2, #1024
 186 0184 9042     		cmp	r0, r2
 187 0186 0ED0     		beq	.L14
 188 0188 02F58062 		add	r2, r2, #1024
 189 018c 9042     		cmp	r0, r2
 190 018e 0CD0     		beq	.L15
 191 0190 02F58062 		add	r2, r2, #1024
 192 0194 9042     		cmp	r0, r2
 193 0196 0AD0     		beq	.L16
 194 0198 02F58062 		add	r2, r2, #1024
 195 019c 9042     		cmp	r0, r2
 196 019e 3FF461AF 		beq	.L25
 197 01a2 0722     		movs	r2, #7
 198 01a4 61E7     		b	.L7
 199              	.L14:
 200 01a6 0122     		movs	r2, #1
 201 01a8 5FE7     		b	.L7
 202              	.L15:
 203 01aa 0222     		movs	r2, #2
 204 01ac 5DE7     		b	.L7
 205              	.L16:
 206 01ae 0322     		movs	r2, #3
 207 01b0 5BE7     		b	.L7
 208              	.L22:
 209 01b2 02B0     		add	sp, sp, #8
 210              		@ sp needed
 211 01b4 70BD     		pop	{r4, r5, r6, pc}
 212              	.L21:
 213 01b6 7047     		bx	lr
 214              	.L27:
 215              		.align	2
 216              	.L26:
 217 01b8 00380140 		.word	1073821696
 218 01bc 003C0140 		.word	1073822720
 219 01c0 00380240 		.word	1073887232
 220 01c4 00000240 		.word	1073872896
 222              		.section	.text.HAL_GPIO_DeInit,"ax",%progbits
 223              		.align	1
 224              		.global	HAL_GPIO_DeInit
 225              		.syntax unified
 226              		.thumb
 227              		.thumb_func
 229              	HAL_GPIO_DeInit:
 230              		@ args = 0, pretend = 0, frame = 0
 231              		@ frame_needed = 0, uses_anonymous_args = 0
ARM GAS  C:\Users\VIKRAM~1\AppData\Local\Temp\ccu46eNh.s 			page 5


 232 0000 0023     		movs	r3, #0
 233 0002 0F2B     		cmp	r3, #15
 234 0004 7CD8     		bhi	.L42
 235 0006 F0B5     		push	{r4, r5, r6, r7, lr}
 236 0008 2DE0     		b	.L33
 237              	.L45:
 238 000a 0425     		movs	r5, #4
 239 000c 00E0     		b	.L31
 240              	.L34:
 241 000e 0025     		movs	r5, #0
 242              	.L31:
 243 0010 05FA0CF5 		lsl	r5, r5, ip
 244 0014 A542     		cmp	r5, r4
 245 0016 57D0     		beq	.L43
 246              	.L32:
 247 0018 0468     		ldr	r4, [r0]
 248 001a 5D00     		lsls	r5, r3, #1
 249 001c 4FF0030C 		mov	ip, #3
 250 0020 0CFA05FC 		lsl	ip, ip, r5
 251 0024 24EA0C04 		bic	r4, r4, ip
 252 0028 0460     		str	r4, [r0]
 253 002a 4FEAD30E 		lsr	lr, r3, #3
 254 002e 0EF1080E 		add	lr, lr, #8
 255 0032 50F82E40 		ldr	r4, [r0, lr, lsl #2]
 256 0036 03F00706 		and	r6, r3, #7
 257 003a B600     		lsls	r6, r6, #2
 258 003c 0F25     		movs	r5, #15
 259 003e B540     		lsls	r5, r5, r6
 260 0040 24EA0504 		bic	r4, r4, r5
 261 0044 40F82E40 		str	r4, [r0, lr, lsl #2]
 262 0048 C468     		ldr	r4, [r0, #12]
 263 004a 24EA0C04 		bic	r4, r4, ip
 264 004e C460     		str	r4, [r0, #12]
 265 0050 4468     		ldr	r4, [r0, #4]
 266 0052 24EA0202 		bic	r2, r4, r2
 267 0056 4260     		str	r2, [r0, #4]
 268 0058 8268     		ldr	r2, [r0, #8]
 269 005a 22EA0C02 		bic	r2, r2, ip
 270 005e 8260     		str	r2, [r0, #8]
 271              	.L30:
 272 0060 0133     		adds	r3, r3, #1
 273 0062 0F2B     		cmp	r3, #15
 274 0064 4BD8     		bhi	.L44
 275              	.L33:
 276 0066 0122     		movs	r2, #1
 277 0068 9A40     		lsls	r2, r2, r3
 278 006a 02EA0106 		and	r6, r2, r1
 279 006e 32EA0104 		bics	r4, r2, r1
 280 0072 F5D1     		bne	.L30
 281 0074 4FEA930E 		lsr	lr, r3, #2
 282 0078 0EF10205 		add	r5, lr, #2
 283 007c 214C     		ldr	r4, .L46
 284 007e 54F82540 		ldr	r4, [r4, r5, lsl #2]
 285 0082 03F0030C 		and	ip, r3, #3
 286 0086 4FEA8C0C 		lsl	ip, ip, #2
 287 008a 0F25     		movs	r5, #15
 288 008c 05FA0CF7 		lsl	r7, r5, ip
ARM GAS  C:\Users\VIKRAM~1\AppData\Local\Temp\ccu46eNh.s 			page 6


 289 0090 3C40     		ands	r4, r4, r7
 290 0092 1D4D     		ldr	r5, .L46+4
 291 0094 A842     		cmp	r0, r5
 292 0096 BAD0     		beq	.L34
 293 0098 05F58065 		add	r5, r5, #1024
 294 009c A842     		cmp	r0, r5
 295 009e 0DD0     		beq	.L35
 296 00a0 05F58065 		add	r5, r5, #1024
 297 00a4 A842     		cmp	r0, r5
 298 00a6 0BD0     		beq	.L36
 299 00a8 05F58065 		add	r5, r5, #1024
 300 00ac A842     		cmp	r0, r5
 301 00ae 09D0     		beq	.L37
 302 00b0 05F58065 		add	r5, r5, #1024
 303 00b4 A842     		cmp	r0, r5
 304 00b6 A8D0     		beq	.L45
 305 00b8 0725     		movs	r5, #7
 306 00ba A9E7     		b	.L31
 307              	.L35:
 308 00bc 0125     		movs	r5, #1
 309 00be A7E7     		b	.L31
 310              	.L36:
 311 00c0 0225     		movs	r5, #2
 312 00c2 A5E7     		b	.L31
 313              	.L37:
 314 00c4 0325     		movs	r5, #3
 315 00c6 A3E7     		b	.L31
 316              	.L43:
 317 00c8 104C     		ldr	r4, .L46+8
 318 00ca 2568     		ldr	r5, [r4]
 319 00cc 25EA0605 		bic	r5, r5, r6
 320 00d0 2560     		str	r5, [r4]
 321 00d2 6568     		ldr	r5, [r4, #4]
 322 00d4 25EA0605 		bic	r5, r5, r6
 323 00d8 6560     		str	r5, [r4, #4]
 324 00da E568     		ldr	r5, [r4, #12]
 325 00dc 25EA0605 		bic	r5, r5, r6
 326 00e0 E560     		str	r5, [r4, #12]
 327 00e2 A568     		ldr	r5, [r4, #8]
 328 00e4 25EA0605 		bic	r5, r5, r6
 329 00e8 A560     		str	r5, [r4, #8]
 330 00ea 064E     		ldr	r6, .L46
 331 00ec 0EF10204 		add	r4, lr, #2
 332 00f0 56F82450 		ldr	r5, [r6, r4, lsl #2]
 333 00f4 25EA0705 		bic	r5, r5, r7
 334 00f8 46F82450 		str	r5, [r6, r4, lsl #2]
 335 00fc 8CE7     		b	.L32
 336              	.L44:
 337 00fe F0BD     		pop	{r4, r5, r6, r7, pc}
 338              	.L42:
 339 0100 7047     		bx	lr
 340              	.L47:
 341 0102 00BF     		.align	2
 342              	.L46:
 343 0104 00380140 		.word	1073821696
 344 0108 00000240 		.word	1073872896
 345 010c 003C0140 		.word	1073822720
ARM GAS  C:\Users\VIKRAM~1\AppData\Local\Temp\ccu46eNh.s 			page 7


 347              		.section	.text.HAL_GPIO_ReadPin,"ax",%progbits
 348              		.align	1
 349              		.global	HAL_GPIO_ReadPin
 350              		.syntax unified
 351              		.thumb
 352              		.thumb_func
 354              	HAL_GPIO_ReadPin:
 355              		@ args = 0, pretend = 0, frame = 0
 356              		@ frame_needed = 0, uses_anonymous_args = 0
 357              		@ link register save eliminated.
 358 0000 0369     		ldr	r3, [r0, #16]
 359 0002 1942     		tst	r1, r3
 360 0004 01D0     		beq	.L50
 361 0006 0120     		movs	r0, #1
 362 0008 7047     		bx	lr
 363              	.L50:
 364 000a 0020     		movs	r0, #0
 365 000c 7047     		bx	lr
 367              		.section	.text.HAL_GPIO_WritePin,"ax",%progbits
 368              		.align	1
 369              		.global	HAL_GPIO_WritePin
 370              		.syntax unified
 371              		.thumb
 372              		.thumb_func
 374              	HAL_GPIO_WritePin:
 375              		@ args = 0, pretend = 0, frame = 0
 376              		@ frame_needed = 0, uses_anonymous_args = 0
 377              		@ link register save eliminated.
 378 0000 0AB1     		cbz	r2, .L52
 379 0002 8161     		str	r1, [r0, #24]
 380 0004 7047     		bx	lr
 381              	.L52:
 382 0006 0904     		lsls	r1, r1, #16
 383 0008 8161     		str	r1, [r0, #24]
 384 000a 7047     		bx	lr
 386              		.section	.text.HAL_GPIO_TogglePin,"ax",%progbits
 387              		.align	1
 388              		.global	HAL_GPIO_TogglePin
 389              		.syntax unified
 390              		.thumb
 391              		.thumb_func
 393              	HAL_GPIO_TogglePin:
 394              		@ args = 0, pretend = 0, frame = 0
 395              		@ frame_needed = 0, uses_anonymous_args = 0
 396              		@ link register save eliminated.
 397 0000 4369     		ldr	r3, [r0, #20]
 398 0002 01EA0302 		and	r2, r1, r3
 399 0006 21EA0301 		bic	r1, r1, r3
 400 000a 41EA0241 		orr	r1, r1, r2, lsl #16
 401 000e 8161     		str	r1, [r0, #24]
 402 0010 7047     		bx	lr
 404              		.section	.text.HAL_GPIO_LockPin,"ax",%progbits
 405              		.align	1
 406              		.global	HAL_GPIO_LockPin
 407              		.syntax unified
 408              		.thumb
 409              		.thumb_func
ARM GAS  C:\Users\VIKRAM~1\AppData\Local\Temp\ccu46eNh.s 			page 8


 411              	HAL_GPIO_LockPin:
 412              		@ args = 0, pretend = 0, frame = 8
 413              		@ frame_needed = 0, uses_anonymous_args = 0
 414              		@ link register save eliminated.
 415 0000 82B0     		sub	sp, sp, #8
 416 0002 4FF48033 		mov	r3, #65536
 417 0006 0193     		str	r3, [sp, #4]
 418 0008 019B     		ldr	r3, [sp, #4]
 419 000a 0B43     		orrs	r3, r3, r1
 420 000c 0193     		str	r3, [sp, #4]
 421 000e 019B     		ldr	r3, [sp, #4]
 422 0010 C361     		str	r3, [r0, #28]
 423 0012 C161     		str	r1, [r0, #28]
 424 0014 019B     		ldr	r3, [sp, #4]
 425 0016 C361     		str	r3, [r0, #28]
 426 0018 C369     		ldr	r3, [r0, #28]
 427 001a 0193     		str	r3, [sp, #4]
 428 001c C369     		ldr	r3, [r0, #28]
 429 001e 13F4803F 		tst	r3, #65536
 430 0022 02D0     		beq	.L57
 431 0024 0020     		movs	r0, #0
 432              	.L56:
 433 0026 02B0     		add	sp, sp, #8
 434              		@ sp needed
 435 0028 7047     		bx	lr
 436              	.L57:
 437 002a 0120     		movs	r0, #1
 438 002c FBE7     		b	.L56
 440              		.section	.text.HAL_GPIO_EXTI_Callback,"ax",%progbits
 441              		.align	1
 442              		.weak	HAL_GPIO_EXTI_Callback
 443              		.syntax unified
 444              		.thumb
 445              		.thumb_func
 447              	HAL_GPIO_EXTI_Callback:
 448              		@ args = 0, pretend = 0, frame = 0
 449              		@ frame_needed = 0, uses_anonymous_args = 0
 450              		@ link register save eliminated.
 451 0000 7047     		bx	lr
 453              		.section	.text.HAL_GPIO_EXTI_IRQHandler,"ax",%progbits
 454              		.align	1
 455              		.global	HAL_GPIO_EXTI_IRQHandler
 456              		.syntax unified
 457              		.thumb
 458              		.thumb_func
 460              	HAL_GPIO_EXTI_IRQHandler:
 461              		@ args = 0, pretend = 0, frame = 0
 462              		@ frame_needed = 0, uses_anonymous_args = 0
 463 0000 08B5     		push	{r3, lr}
 464 0002 054B     		ldr	r3, .L64
 465 0004 5B69     		ldr	r3, [r3, #20]
 466 0006 0342     		tst	r3, r0
 467 0008 00D1     		bne	.L63
 468              	.L60:
 469 000a 08BD     		pop	{r3, pc}
 470              	.L63:
 471 000c 024B     		ldr	r3, .L64
ARM GAS  C:\Users\VIKRAM~1\AppData\Local\Temp\ccu46eNh.s 			page 9


 472 000e 5861     		str	r0, [r3, #20]
 473 0010 FFF7FEFF 		bl	HAL_GPIO_EXTI_Callback
 474 0014 F9E7     		b	.L60
 475              	.L65:
 476 0016 00BF     		.align	2
 477              	.L64:
 478 0018 003C0140 		.word	1073822720
 480              		.ident	"GCC: (xPack GNU Arm Embedded GCC x86_64) 13.3.1 20240614"
ARM GAS  C:\Users\VIKRAM~1\AppData\Local\Temp\ccu46eNh.s 			page 10


DEFINED SYMBOLS
                            *ABS*:00000000 stm32f4xx_hal_gpio.c
C:\Users\VIKRAM~1\AppData\Local\Temp\ccu46eNh.s:18     .text.HAL_GPIO_Init:00000000 $t
C:\Users\VIKRAM~1\AppData\Local\Temp\ccu46eNh.s:24     .text.HAL_GPIO_Init:00000000 HAL_GPIO_Init
C:\Users\VIKRAM~1\AppData\Local\Temp\ccu46eNh.s:217    .text.HAL_GPIO_Init:000001b8 $d
C:\Users\VIKRAM~1\AppData\Local\Temp\ccu46eNh.s:223    .text.HAL_GPIO_DeInit:00000000 $t
C:\Users\VIKRAM~1\AppData\Local\Temp\ccu46eNh.s:229    .text.HAL_GPIO_DeInit:00000000 HAL_GPIO_DeInit
C:\Users\VIKRAM~1\AppData\Local\Temp\ccu46eNh.s:343    .text.HAL_GPIO_DeInit:00000104 $d
C:\Users\VIKRAM~1\AppData\Local\Temp\ccu46eNh.s:348    .text.HAL_GPIO_ReadPin:00000000 $t
C:\Users\VIKRAM~1\AppData\Local\Temp\ccu46eNh.s:354    .text.HAL_GPIO_ReadPin:00000000 HAL_GPIO_ReadPin
C:\Users\VIKRAM~1\AppData\Local\Temp\ccu46eNh.s:368    .text.HAL_GPIO_WritePin:00000000 $t
C:\Users\VIKRAM~1\AppData\Local\Temp\ccu46eNh.s:374    .text.HAL_GPIO_WritePin:00000000 HAL_GPIO_WritePin
C:\Users\VIKRAM~1\AppData\Local\Temp\ccu46eNh.s:387    .text.HAL_GPIO_TogglePin:00000000 $t
C:\Users\VIKRAM~1\AppData\Local\Temp\ccu46eNh.s:393    .text.HAL_GPIO_TogglePin:00000000 HAL_GPIO_TogglePin
C:\Users\VIKRAM~1\AppData\Local\Temp\ccu46eNh.s:405    .text.HAL_GPIO_LockPin:00000000 $t
C:\Users\VIKRAM~1\AppData\Local\Temp\ccu46eNh.s:411    .text.HAL_GPIO_LockPin:00000000 HAL_GPIO_LockPin
C:\Users\VIKRAM~1\AppData\Local\Temp\ccu46eNh.s:441    .text.HAL_GPIO_EXTI_Callback:00000000 $t
C:\Users\VIKRAM~1\AppData\Local\Temp\ccu46eNh.s:447    .text.HAL_GPIO_EXTI_Callback:00000000 HAL_GPIO_EXTI_Callback
C:\Users\VIKRAM~1\AppData\Local\Temp\ccu46eNh.s:454    .text.HAL_GPIO_EXTI_IRQHandler:00000000 $t
C:\Users\VIKRAM~1\AppData\Local\Temp\ccu46eNh.s:460    .text.HAL_GPIO_EXTI_IRQHandler:00000000 HAL_GPIO_EXTI_IRQHandler
C:\Users\VIKRAM~1\AppData\Local\Temp\ccu46eNh.s:478    .text.HAL_GPIO_EXTI_IRQHandler:00000018 $d

NO UNDEFINED SYMBOLS
