ARM GAS  C:\Users\VIKRAM~1\AppData\Local\Temp\ccsRCzdV.s 			page 1


   1              		.cpu cortex-m4
   2              		.arch armv7e-m
   3              		.fpu fpv4-sp-d16
   4              		.eabi_attribute 27, 1
   5              		.eabi_attribute 28, 1
   6              		.eabi_attribute 20, 1
   7              		.eabi_attribute 21, 1
   8              		.eabi_attribute 23, 3
   9              		.eabi_attribute 24, 1
  10              		.eabi_attribute 25, 1
  11              		.eabi_attribute 26, 1
  12              		.eabi_attribute 30, 1
  13              		.eabi_attribute 34, 1
  14              		.eabi_attribute 18, 4
  15              		.file	"stm32f4xx_hal_pwr_ex.c"
  16              		.text
  17              		.section	.text.HAL_PWREx_EnableBkUpReg,"ax",%progbits
  18              		.align	1
  19              		.global	HAL_PWREx_EnableBkUpReg
  20              		.syntax unified
  21              		.thumb
  22              		.thumb_func
  24              	HAL_PWREx_EnableBkUpReg:
  25              		@ args = 0, pretend = 0, frame = 0
  26              		@ frame_needed = 0, uses_anonymous_args = 0
  27 0000 10B5     		push	{r4, lr}
  28 0002 0B4B     		ldr	r3, .L8
  29 0004 0122     		movs	r2, #1
  30 0006 C3F8A420 		str	r2, [r3, #164]
  31 000a FFF7FEFF 		bl	HAL_GetTick
  32 000e 0446     		mov	r4, r0
  33              	.L2:
  34 0010 084B     		ldr	r3, .L8+4
  35 0012 5B68     		ldr	r3, [r3, #4]
  36 0014 13F0080F 		tst	r3, #8
  37 0018 07D1     		bne	.L7
  38 001a FFF7FEFF 		bl	HAL_GetTick
  39 001e 001B     		subs	r0, r0, r4
  40 0020 B0F57A7F 		cmp	r0, #1000
  41 0024 F4D9     		bls	.L2
  42 0026 0320     		movs	r0, #3
  43 0028 00E0     		b	.L3
  44              	.L7:
  45 002a 0020     		movs	r0, #0
  46              	.L3:
  47 002c 10BD     		pop	{r4, pc}
  48              	.L9:
  49 002e 00BF     		.align	2
  50              	.L8:
  51 0030 00000E42 		.word	1108213760
  52 0034 00700040 		.word	1073770496
  54              		.section	.text.HAL_PWREx_DisableBkUpReg,"ax",%progbits
  55              		.align	1
  56              		.global	HAL_PWREx_DisableBkUpReg
  57              		.syntax unified
  58              		.thumb
  59              		.thumb_func
ARM GAS  C:\Users\VIKRAM~1\AppData\Local\Temp\ccsRCzdV.s 			page 2


  61              	HAL_PWREx_DisableBkUpReg:
  62              		@ args = 0, pretend = 0, frame = 0
  63              		@ frame_needed = 0, uses_anonymous_args = 0
  64 0000 10B5     		push	{r4, lr}
  65 0002 0B4B     		ldr	r3, .L17
  66 0004 0022     		movs	r2, #0
  67 0006 C3F8A420 		str	r2, [r3, #164]
  68 000a FFF7FEFF 		bl	HAL_GetTick
  69 000e 0446     		mov	r4, r0
  70              	.L11:
  71 0010 084B     		ldr	r3, .L17+4
  72 0012 5B68     		ldr	r3, [r3, #4]
  73 0014 13F0080F 		tst	r3, #8
  74 0018 07D0     		beq	.L16
  75 001a FFF7FEFF 		bl	HAL_GetTick
  76 001e 001B     		subs	r0, r0, r4
  77 0020 B0F57A7F 		cmp	r0, #1000
  78 0024 F4D9     		bls	.L11
  79 0026 0320     		movs	r0, #3
  80 0028 00E0     		b	.L12
  81              	.L16:
  82 002a 0020     		movs	r0, #0
  83              	.L12:
  84 002c 10BD     		pop	{r4, pc}
  85              	.L18:
  86 002e 00BF     		.align	2
  87              	.L17:
  88 0030 00000E42 		.word	1108213760
  89 0034 00700040 		.word	1073770496
  91              		.section	.text.HAL_PWREx_EnableFlashPowerDown,"ax",%progbits
  92              		.align	1
  93              		.global	HAL_PWREx_EnableFlashPowerDown
  94              		.syntax unified
  95              		.thumb
  96              		.thumb_func
  98              	HAL_PWREx_EnableFlashPowerDown:
  99              		@ args = 0, pretend = 0, frame = 0
 100              		@ frame_needed = 0, uses_anonymous_args = 0
 101              		@ link register save eliminated.
 102 0000 014B     		ldr	r3, .L20
 103 0002 0122     		movs	r2, #1
 104 0004 5A62     		str	r2, [r3, #36]
 105 0006 7047     		bx	lr
 106              	.L21:
 107              		.align	2
 108              	.L20:
 109 0008 00000E42 		.word	1108213760
 111              		.section	.text.HAL_PWREx_DisableFlashPowerDown,"ax",%progbits
 112              		.align	1
 113              		.global	HAL_PWREx_DisableFlashPowerDown
 114              		.syntax unified
 115              		.thumb
 116              		.thumb_func
 118              	HAL_PWREx_DisableFlashPowerDown:
 119              		@ args = 0, pretend = 0, frame = 0
 120              		@ frame_needed = 0, uses_anonymous_args = 0
 121              		@ link register save eliminated.
ARM GAS  C:\Users\VIKRAM~1\AppData\Local\Temp\ccsRCzdV.s 			page 3


 122 0000 014B     		ldr	r3, .L23
 123 0002 0022     		movs	r2, #0
 124 0004 5A62     		str	r2, [r3, #36]
 125 0006 7047     		bx	lr
 126              	.L24:
 127              		.align	2
 128              	.L23:
 129 0008 00000E42 		.word	1108213760
 131              		.section	.text.HAL_PWREx_GetVoltageRange,"ax",%progbits
 132              		.align	1
 133              		.global	HAL_PWREx_GetVoltageRange
 134              		.syntax unified
 135              		.thumb
 136              		.thumb_func
 138              	HAL_PWREx_GetVoltageRange:
 139              		@ args = 0, pretend = 0, frame = 0
 140              		@ frame_needed = 0, uses_anonymous_args = 0
 141              		@ link register save eliminated.
 142 0000 024B     		ldr	r3, .L26
 143 0002 1868     		ldr	r0, [r3]
 144 0004 00F44040 		and	r0, r0, #49152
 145 0008 7047     		bx	lr
 146              	.L27:
 147 000a 00BF     		.align	2
 148              	.L26:
 149 000c 00700040 		.word	1073770496
 151              		.section	.text.HAL_PWREx_ControlVoltageScaling,"ax",%progbits
 152              		.align	1
 153              		.global	HAL_PWREx_ControlVoltageScaling
 154              		.syntax unified
 155              		.thumb
 156              		.thumb_func
 158              	HAL_PWREx_ControlVoltageScaling:
 159              		@ args = 0, pretend = 0, frame = 8
 160              		@ frame_needed = 0, uses_anonymous_args = 0
 161 0000 30B5     		push	{r4, r5, lr}
 162 0002 83B0     		sub	sp, sp, #12
 163 0004 0023     		movs	r3, #0
 164 0006 0093     		str	r3, [sp]
 165 0008 2A4B     		ldr	r3, .L44
 166 000a 1A6C     		ldr	r2, [r3, #64]
 167 000c 42F08052 		orr	r2, r2, #268435456
 168 0010 1A64     		str	r2, [r3, #64]
 169 0012 1A6C     		ldr	r2, [r3, #64]
 170 0014 02F08052 		and	r2, r2, #268435456
 171 0018 0092     		str	r2, [sp]
 172 001a 009A     		ldr	r2, [sp]
 173 001c 9B68     		ldr	r3, [r3, #8]
 174 001e 03F00C03 		and	r3, r3, #12
 175 0022 082B     		cmp	r3, #8
 176 0024 43D0     		beq	.L36
 177 0026 0546     		mov	r5, r0
 178 0028 234B     		ldr	r3, .L44+4
 179 002a 0022     		movs	r2, #0
 180 002c 1A66     		str	r2, [r3, #96]
 181 002e FFF7FEFF 		bl	HAL_GetTick
 182 0032 0446     		mov	r4, r0
ARM GAS  C:\Users\VIKRAM~1\AppData\Local\Temp\ccsRCzdV.s 			page 4


 183              	.L30:
 184 0034 1F4B     		ldr	r3, .L44
 185 0036 1B68     		ldr	r3, [r3]
 186 0038 13F0007F 		tst	r3, #33554432
 187 003c 06D0     		beq	.L41
 188 003e FFF7FEFF 		bl	HAL_GetTick
 189 0042 031B     		subs	r3, r0, r4
 190 0044 022B     		cmp	r3, #2
 191 0046 F5D9     		bls	.L30
 192 0048 0320     		movs	r0, #3
 193 004a 31E0     		b	.L29
 194              	.L41:
 195 004c 0023     		movs	r3, #0
 196 004e 0193     		str	r3, [sp, #4]
 197 0050 1A4A     		ldr	r2, .L44+8
 198 0052 1368     		ldr	r3, [r2]
 199 0054 23F44043 		bic	r3, r3, #49152
 200 0058 2B43     		orrs	r3, r3, r5
 201 005a 1360     		str	r3, [r2]
 202 005c 1368     		ldr	r3, [r2]
 203 005e 03F44043 		and	r3, r3, #49152
 204 0062 0193     		str	r3, [sp, #4]
 205 0064 019B     		ldr	r3, [sp, #4]
 206 0066 144B     		ldr	r3, .L44+4
 207 0068 0122     		movs	r2, #1
 208 006a 1A66     		str	r2, [r3, #96]
 209 006c FFF7FEFF 		bl	HAL_GetTick
 210 0070 0446     		mov	r4, r0
 211              	.L32:
 212 0072 104B     		ldr	r3, .L44
 213 0074 1B68     		ldr	r3, [r3]
 214 0076 13F0007F 		tst	r3, #33554432
 215 007a 06D1     		bne	.L42
 216 007c FFF7FEFF 		bl	HAL_GetTick
 217 0080 001B     		subs	r0, r0, r4
 218 0082 0228     		cmp	r0, #2
 219 0084 F5D9     		bls	.L32
 220 0086 0320     		movs	r0, #3
 221 0088 12E0     		b	.L29
 222              	.L42:
 223 008a FFF7FEFF 		bl	HAL_GetTick
 224 008e 0446     		mov	r4, r0
 225              	.L34:
 226 0090 0A4B     		ldr	r3, .L44+8
 227 0092 5B68     		ldr	r3, [r3, #4]
 228 0094 13F4804F 		tst	r3, #16384
 229 0098 07D1     		bne	.L43
 230 009a FFF7FEFF 		bl	HAL_GetTick
 231 009e 001B     		subs	r0, r0, r4
 232 00a0 B0F57A7F 		cmp	r0, #1000
 233 00a4 F4D9     		bls	.L34
 234 00a6 0320     		movs	r0, #3
 235 00a8 02E0     		b	.L29
 236              	.L43:
 237 00aa 0020     		movs	r0, #0
 238 00ac 00E0     		b	.L29
 239              	.L36:
ARM GAS  C:\Users\VIKRAM~1\AppData\Local\Temp\ccsRCzdV.s 			page 5


 240 00ae 0120     		movs	r0, #1
 241              	.L29:
 242 00b0 03B0     		add	sp, sp, #12
 243              		@ sp needed
 244 00b2 30BD     		pop	{r4, r5, pc}
 245              	.L45:
 246              		.align	2
 247              	.L44:
 248 00b4 00380240 		.word	1073887232
 249 00b8 00004742 		.word	1111949312
 250 00bc 00700040 		.word	1073770496
 252              		.section	.text.HAL_PWREx_EnableMainRegulatorLowVoltage,"ax",%progbits
 253              		.align	1
 254              		.global	HAL_PWREx_EnableMainRegulatorLowVoltage
 255              		.syntax unified
 256              		.thumb
 257              		.thumb_func
 259              	HAL_PWREx_EnableMainRegulatorLowVoltage:
 260              		@ args = 0, pretend = 0, frame = 0
 261              		@ frame_needed = 0, uses_anonymous_args = 0
 262              		@ link register save eliminated.
 263 0000 014B     		ldr	r3, .L47
 264 0002 0122     		movs	r2, #1
 265 0004 DA62     		str	r2, [r3, #44]
 266 0006 7047     		bx	lr
 267              	.L48:
 268              		.align	2
 269              	.L47:
 270 0008 00000E42 		.word	1108213760
 272              		.section	.text.HAL_PWREx_DisableMainRegulatorLowVoltage,"ax",%progbits
 273              		.align	1
 274              		.global	HAL_PWREx_DisableMainRegulatorLowVoltage
 275              		.syntax unified
 276              		.thumb
 277              		.thumb_func
 279              	HAL_PWREx_DisableMainRegulatorLowVoltage:
 280              		@ args = 0, pretend = 0, frame = 0
 281              		@ frame_needed = 0, uses_anonymous_args = 0
 282              		@ link register save eliminated.
 283 0000 014B     		ldr	r3, .L50
 284 0002 0022     		movs	r2, #0
 285 0004 DA62     		str	r2, [r3, #44]
 286 0006 7047     		bx	lr
 287              	.L51:
 288              		.align	2
 289              	.L50:
 290 0008 00000E42 		.word	1108213760
 292              		.section	.text.HAL_PWREx_EnableLowRegulatorLowVoltage,"ax",%progbits
 293              		.align	1
 294              		.global	HAL_PWREx_EnableLowRegulatorLowVoltage
 295              		.syntax unified
 296              		.thumb
 297              		.thumb_func
 299              	HAL_PWREx_EnableLowRegulatorLowVoltage:
 300              		@ args = 0, pretend = 0, frame = 0
 301              		@ frame_needed = 0, uses_anonymous_args = 0
 302              		@ link register save eliminated.
ARM GAS  C:\Users\VIKRAM~1\AppData\Local\Temp\ccsRCzdV.s 			page 6


 303 0000 014B     		ldr	r3, .L53
 304 0002 0122     		movs	r2, #1
 305 0004 9A62     		str	r2, [r3, #40]
 306 0006 7047     		bx	lr
 307              	.L54:
 308              		.align	2
 309              	.L53:
 310 0008 00000E42 		.word	1108213760
 312              		.section	.text.HAL_PWREx_DisableLowRegulatorLowVoltage,"ax",%progbits
 313              		.align	1
 314              		.global	HAL_PWREx_DisableLowRegulatorLowVoltage
 315              		.syntax unified
 316              		.thumb
 317              		.thumb_func
 319              	HAL_PWREx_DisableLowRegulatorLowVoltage:
 320              		@ args = 0, pretend = 0, frame = 0
 321              		@ frame_needed = 0, uses_anonymous_args = 0
 322              		@ link register save eliminated.
 323 0000 014B     		ldr	r3, .L56
 324 0002 0022     		movs	r2, #0
 325 0004 9A62     		str	r2, [r3, #40]
 326 0006 7047     		bx	lr
 327              	.L57:
 328              		.align	2
 329              	.L56:
 330 0008 00000E42 		.word	1108213760
 332              		.ident	"GCC: (xPack GNU Arm Embedded GCC x86_64) 13.3.1 20240614"
ARM GAS  C:\Users\VIKRAM~1\AppData\Local\Temp\ccsRCzdV.s 			page 7


DEFINED SYMBOLS
                            *ABS*:00000000 stm32f4xx_hal_pwr_ex.c
C:\Users\VIKRAM~1\AppData\Local\Temp\ccsRCzdV.s:18     .text.HAL_PWREx_EnableBkUpReg:00000000 $t
C:\Users\VIKRAM~1\AppData\Local\Temp\ccsRCzdV.s:24     .text.HAL_PWREx_EnableBkUpReg:00000000 HAL_PWREx_EnableBkUpReg
C:\Users\VIKRAM~1\AppData\Local\Temp\ccsRCzdV.s:51     .text.HAL_PWREx_EnableBkUpReg:00000030 $d
C:\Users\VIKRAM~1\AppData\Local\Temp\ccsRCzdV.s:55     .text.HAL_PWREx_DisableBkUpReg:00000000 $t
C:\Users\VIKRAM~1\AppData\Local\Temp\ccsRCzdV.s:61     .text.HAL_PWREx_DisableBkUpReg:00000000 HAL_PWREx_DisableBkUpReg
C:\Users\VIKRAM~1\AppData\Local\Temp\ccsRCzdV.s:88     .text.HAL_PWREx_DisableBkUpReg:00000030 $d
C:\Users\VIKRAM~1\AppData\Local\Temp\ccsRCzdV.s:92     .text.HAL_PWREx_EnableFlashPowerDown:00000000 $t
C:\Users\VIKRAM~1\AppData\Local\Temp\ccsRCzdV.s:98     .text.HAL_PWREx_EnableFlashPowerDown:00000000 HAL_PWREx_EnableFlashPowerDown
C:\Users\VIKRAM~1\AppData\Local\Temp\ccsRCzdV.s:109    .text.HAL_PWREx_EnableFlashPowerDown:00000008 $d
C:\Users\VIKRAM~1\AppData\Local\Temp\ccsRCzdV.s:112    .text.HAL_PWREx_DisableFlashPowerDown:00000000 $t
C:\Users\VIKRAM~1\AppData\Local\Temp\ccsRCzdV.s:118    .text.HAL_PWREx_DisableFlashPowerDown:00000000 HAL_PWREx_DisableFlashPowerDown
C:\Users\VIKRAM~1\AppData\Local\Temp\ccsRCzdV.s:129    .text.HAL_PWREx_DisableFlashPowerDown:00000008 $d
C:\Users\VIKRAM~1\AppData\Local\Temp\ccsRCzdV.s:132    .text.HAL_PWREx_GetVoltageRange:00000000 $t
C:\Users\VIKRAM~1\AppData\Local\Temp\ccsRCzdV.s:138    .text.HAL_PWREx_GetVoltageRange:00000000 HAL_PWREx_GetVoltageRange
C:\Users\VIKRAM~1\AppData\Local\Temp\ccsRCzdV.s:149    .text.HAL_PWREx_GetVoltageRange:0000000c $d
C:\Users\VIKRAM~1\AppData\Local\Temp\ccsRCzdV.s:152    .text.HAL_PWREx_ControlVoltageScaling:00000000 $t
C:\Users\VIKRAM~1\AppData\Local\Temp\ccsRCzdV.s:158    .text.HAL_PWREx_ControlVoltageScaling:00000000 HAL_PWREx_ControlVoltageScaling
C:\Users\VIKRAM~1\AppData\Local\Temp\ccsRCzdV.s:248    .text.HAL_PWREx_ControlVoltageScaling:000000b4 $d
C:\Users\VIKRAM~1\AppData\Local\Temp\ccsRCzdV.s:253    .text.HAL_PWREx_EnableMainRegulatorLowVoltage:00000000 $t
C:\Users\VIKRAM~1\AppData\Local\Temp\ccsRCzdV.s:259    .text.HAL_PWREx_EnableMainRegulatorLowVoltage:00000000 HAL_PWREx_EnableMainRegulatorLowVoltage
C:\Users\VIKRAM~1\AppData\Local\Temp\ccsRCzdV.s:270    .text.HAL_PWREx_EnableMainRegulatorLowVoltage:00000008 $d
C:\Users\VIKRAM~1\AppData\Local\Temp\ccsRCzdV.s:273    .text.HAL_PWREx_DisableMainRegulatorLowVoltage:00000000 $t
C:\Users\VIKRAM~1\AppData\Local\Temp\ccsRCzdV.s:279    .text.HAL_PWREx_DisableMainRegulatorLowVoltage:00000000 HAL_PWREx_DisableMainRegulatorLowVoltage
C:\Users\VIKRAM~1\AppData\Local\Temp\ccsRCzdV.s:290    .text.HAL_PWREx_DisableMainRegulatorLowVoltage:00000008 $d
C:\Users\VIKRAM~1\AppData\Local\Temp\ccsRCzdV.s:293    .text.HAL_PWREx_EnableLowRegulatorLowVoltage:00000000 $t
C:\Users\VIKRAM~1\AppData\Local\Temp\ccsRCzdV.s:299    .text.HAL_PWREx_EnableLowRegulatorLowVoltage:00000000 HAL_PWREx_EnableLowRegulatorLowVoltage
C:\Users\VIKRAM~1\AppData\Local\Temp\ccsRCzdV.s:310    .text.HAL_PWREx_EnableLowRegulatorLowVoltage:00000008 $d
C:\Users\VIKRAM~1\AppData\Local\Temp\ccsRCzdV.s:313    .text.HAL_PWREx_DisableLowRegulatorLowVoltage:00000000 $t
C:\Users\VIKRAM~1\AppData\Local\Temp\ccsRCzdV.s:319    .text.HAL_PWREx_DisableLowRegulatorLowVoltage:00000000 HAL_PWREx_DisableLowRegulatorLowVoltage
C:\Users\VIKRAM~1\AppData\Local\Temp\ccsRCzdV.s:330    .text.HAL_PWREx_DisableLowRegulatorLowVoltage:00000008 $d

UNDEFINED SYMBOLS
HAL_GetTick
