ARM GAS  C:\Users\VIKRAM~1\AppData\Local\Temp\cc5iUatm.s 			page 1


   1              		.cpu cortex-m4
   2              		.arch armv7e-m
   3              		.fpu fpv4-sp-d16
   4              		.eabi_attribute 27, 1
   5              		.eabi_attribute 28, 1
   6              		.eabi_attribute 20, 1
   7              		.eabi_attribute 21, 1
   8              		.eabi_attribute 23, 3
   9              		.eabi_attribute 24, 1
  10              		.eabi_attribute 25, 1
  11              		.eabi_attribute 26, 1
  12              		.eabi_attribute 30, 1
  13              		.eabi_attribute 34, 1
  14              		.eabi_attribute 18, 4
  15              		.file	"stm32f4xx_hal_rcc_ex.c"
  16              		.text
  17              		.section	.text.HAL_RCCEx_PeriphCLKConfig,"ax",%progbits
  18              		.align	1
  19              		.global	HAL_RCCEx_PeriphCLKConfig
  20              		.syntax unified
  21              		.thumb
  22              		.thumb_func
  24              	HAL_RCCEx_PeriphCLKConfig:
  25              		@ args = 0, pretend = 0, frame = 8
  26              		@ frame_needed = 0, uses_anonymous_args = 0
  27 0000 30B5     		push	{r4, r5, lr}
  28 0002 83B0     		sub	sp, sp, #12
  29 0004 0446     		mov	r4, r0
  30 0006 0368     		ldr	r3, [r0]
  31 0008 13F0050F 		tst	r3, #5
  32 000c 0ED1     		bne	.L22
  33              	.L2:
  34 000e 2368     		ldr	r3, [r4]
  35 0010 13F0020F 		tst	r3, #2
  36 0014 36D1     		bne	.L23
  37              	.L8:
  38 0016 2368     		ldr	r3, [r4]
  39 0018 13F0080F 		tst	r3, #8
  40 001c 00F09B80 		beq	.L20
  41 0020 227C     		ldrb	r2, [r4, #16]	@ zero_extendqisi2
  42 0022 4E4B     		ldr	r3, .L28
  43 0024 C3F8E021 		str	r2, [r3, #480]
  44 0028 0020     		movs	r0, #0
  45 002a 95E0     		b	.L4
  46              	.L22:
  47 002c 4C4B     		ldr	r3, .L28+4
  48 002e 0022     		movs	r2, #0
  49 0030 9A66     		str	r2, [r3, #104]
  50 0032 FFF7FEFF 		bl	HAL_GetTick
  51 0036 0546     		mov	r5, r0
  52              	.L3:
  53 0038 4A4B     		ldr	r3, .L28+8
  54 003a 1B68     		ldr	r3, [r3]
  55 003c 13F0006F 		tst	r3, #134217728
  56 0040 06D0     		beq	.L24
  57 0042 FFF7FEFF 		bl	HAL_GetTick
  58 0046 431B     		subs	r3, r0, r5
ARM GAS  C:\Users\VIKRAM~1\AppData\Local\Temp\cc5iUatm.s 			page 2


  59 0048 022B     		cmp	r3, #2
  60 004a F5D9     		bls	.L3
  61 004c 0320     		movs	r0, #3
  62 004e 83E0     		b	.L4
  63              	.L24:
  64 0050 6268     		ldr	r2, [r4, #4]
  65 0052 A368     		ldr	r3, [r4, #8]
  66 0054 1B07     		lsls	r3, r3, #28
  67 0056 43EA8213 		orr	r3, r3, r2, lsl #6
  68 005a 424A     		ldr	r2, .L28+8
  69 005c C2F88430 		str	r3, [r2, #132]
  70 0060 3F4B     		ldr	r3, .L28+4
  71 0062 0122     		movs	r2, #1
  72 0064 9A66     		str	r2, [r3, #104]
  73 0066 FFF7FEFF 		bl	HAL_GetTick
  74 006a 0546     		mov	r5, r0
  75              	.L6:
  76 006c 3D4B     		ldr	r3, .L28+8
  77 006e 1B68     		ldr	r3, [r3]
  78 0070 13F0006F 		tst	r3, #134217728
  79 0074 CBD1     		bne	.L2
  80 0076 FFF7FEFF 		bl	HAL_GetTick
  81 007a 401B     		subs	r0, r0, r5
  82 007c 0228     		cmp	r0, #2
  83 007e F5D9     		bls	.L6
  84 0080 0320     		movs	r0, #3
  85 0082 69E0     		b	.L4
  86              	.L23:
  87 0084 0023     		movs	r3, #0
  88 0086 0193     		str	r3, [sp, #4]
  89 0088 364B     		ldr	r3, .L28+8
  90 008a 1A6C     		ldr	r2, [r3, #64]
  91 008c 42F08052 		orr	r2, r2, #268435456
  92 0090 1A64     		str	r2, [r3, #64]
  93 0092 1B6C     		ldr	r3, [r3, #64]
  94 0094 03F08053 		and	r3, r3, #268435456
  95 0098 0193     		str	r3, [sp, #4]
  96 009a 019B     		ldr	r3, [sp, #4]
  97 009c 324A     		ldr	r2, .L28+12
  98 009e 1368     		ldr	r3, [r2]
  99 00a0 43F48073 		orr	r3, r3, #256
 100 00a4 1360     		str	r3, [r2]
 101 00a6 FFF7FEFF 		bl	HAL_GetTick
 102 00aa 0546     		mov	r5, r0
 103              	.L9:
 104 00ac 2E4B     		ldr	r3, .L28+12
 105 00ae 1B68     		ldr	r3, [r3]
 106 00b0 13F4807F 		tst	r3, #256
 107 00b4 06D1     		bne	.L25
 108 00b6 FFF7FEFF 		bl	HAL_GetTick
 109 00ba 431B     		subs	r3, r0, r5
 110 00bc 022B     		cmp	r3, #2
 111 00be F5D9     		bls	.L9
 112 00c0 0320     		movs	r0, #3
 113 00c2 49E0     		b	.L4
 114              	.L25:
 115 00c4 274B     		ldr	r3, .L28+8
ARM GAS  C:\Users\VIKRAM~1\AppData\Local\Temp\cc5iUatm.s 			page 3


 116 00c6 1B6F     		ldr	r3, [r3, #112]
 117 00c8 13F44073 		ands	r3, r3, #768
 118 00cc 14D0     		beq	.L11
 119 00ce E268     		ldr	r2, [r4, #12]
 120 00d0 02F44072 		and	r2, r2, #768
 121 00d4 9A42     		cmp	r2, r3
 122 00d6 0FD0     		beq	.L11
 123 00d8 224B     		ldr	r3, .L28+8
 124 00da 1A6F     		ldr	r2, [r3, #112]
 125 00dc 22F44072 		bic	r2, r2, #768
 126 00e0 1F49     		ldr	r1, .L28+4
 127 00e2 0120     		movs	r0, #1
 128 00e4 C1F8400E 		str	r0, [r1, #3648]
 129 00e8 0020     		movs	r0, #0
 130 00ea C1F8400E 		str	r0, [r1, #3648]
 131 00ee 1A67     		str	r2, [r3, #112]
 132 00f0 1B6F     		ldr	r3, [r3, #112]
 133 00f2 13F0010F 		tst	r3, #1
 134 00f6 12D1     		bne	.L26
 135              	.L11:
 136 00f8 E368     		ldr	r3, [r4, #12]
 137 00fa 03F44072 		and	r2, r3, #768
 138 00fe B2F5407F 		cmp	r2, #768
 139 0102 1DD0     		beq	.L27
 140 0104 174A     		ldr	r2, .L28+8
 141 0106 9368     		ldr	r3, [r2, #8]
 142 0108 23F4F813 		bic	r3, r3, #2031616
 143 010c 9360     		str	r3, [r2, #8]
 144              	.L15:
 145 010e 1549     		ldr	r1, .L28+8
 146 0110 0B6F     		ldr	r3, [r1, #112]
 147 0112 E268     		ldr	r2, [r4, #12]
 148 0114 C2F30B02 		ubfx	r2, r2, #0, #12
 149 0118 1343     		orrs	r3, r3, r2
 150 011a 0B67     		str	r3, [r1, #112]
 151 011c 7BE7     		b	.L8
 152              	.L26:
 153 011e FFF7FEFF 		bl	HAL_GetTick
 154 0122 0546     		mov	r5, r0
 155              	.L12:
 156 0124 0F4B     		ldr	r3, .L28+8
 157 0126 1B6F     		ldr	r3, [r3, #112]
 158 0128 13F0020F 		tst	r3, #2
 159 012c E4D1     		bne	.L11
 160 012e FFF7FEFF 		bl	HAL_GetTick
 161 0132 401B     		subs	r0, r0, r5
 162 0134 41F28833 		movw	r3, #5000
 163 0138 9842     		cmp	r0, r3
 164 013a F3D9     		bls	.L12
 165 013c 0320     		movs	r0, #3
 166 013e 0BE0     		b	.L4
 167              	.L27:
 168 0140 0849     		ldr	r1, .L28+8
 169 0142 8A68     		ldr	r2, [r1, #8]
 170 0144 22F4F812 		bic	r2, r2, #2031616
 171 0148 23F07043 		bic	r3, r3, #-268435456
 172 014c 23F44073 		bic	r3, r3, #768
ARM GAS  C:\Users\VIKRAM~1\AppData\Local\Temp\cc5iUatm.s 			page 4


 173 0150 1343     		orrs	r3, r3, r2
 174 0152 8B60     		str	r3, [r1, #8]
 175 0154 DBE7     		b	.L15
 176              	.L20:
 177 0156 0020     		movs	r0, #0
 178              	.L4:
 179 0158 03B0     		add	sp, sp, #12
 180              		@ sp needed
 181 015a 30BD     		pop	{r4, r5, pc}
 182              	.L29:
 183              		.align	2
 184              	.L28:
 185 015c 00104742 		.word	1111953408
 186 0160 00004742 		.word	1111949312
 187 0164 00380240 		.word	1073887232
 188 0168 00700040 		.word	1073770496
 190              		.section	.text.HAL_RCCEx_GetPeriphCLKConfig,"ax",%progbits
 191              		.align	1
 192              		.global	HAL_RCCEx_GetPeriphCLKConfig
 193              		.syntax unified
 194              		.thumb
 195              		.thumb_func
 197              	HAL_RCCEx_GetPeriphCLKConfig:
 198              		@ args = 0, pretend = 0, frame = 0
 199              		@ frame_needed = 0, uses_anonymous_args = 0
 200              		@ link register save eliminated.
 201 0000 0323     		movs	r3, #3
 202 0002 0360     		str	r3, [r0]
 203 0004 0E4B     		ldr	r3, .L33
 204 0006 D3F88420 		ldr	r2, [r3, #132]
 205 000a C2F38812 		ubfx	r2, r2, #6, #9
 206 000e 4260     		str	r2, [r0, #4]
 207 0010 D3F88420 		ldr	r2, [r3, #132]
 208 0014 C2F30272 		ubfx	r2, r2, #28, #3
 209 0018 8260     		str	r2, [r0, #8]
 210 001a 9968     		ldr	r1, [r3, #8]
 211 001c 01F4F811 		and	r1, r1, #2031616
 212 0020 1A6F     		ldr	r2, [r3, #112]
 213 0022 02F44072 		and	r2, r2, #768
 214 0026 0A43     		orrs	r2, r2, r1
 215 0028 C260     		str	r2, [r0, #12]
 216 002a D3F88C30 		ldr	r3, [r3, #140]
 217 002e 13F0807F 		tst	r3, #16777216
 218 0032 02D1     		bne	.L31
 219 0034 0023     		movs	r3, #0
 220 0036 0374     		strb	r3, [r0, #16]
 221 0038 7047     		bx	lr
 222              	.L31:
 223 003a 0123     		movs	r3, #1
 224 003c 0374     		strb	r3, [r0, #16]
 225 003e 7047     		bx	lr
 226              	.L34:
 227              		.align	2
 228              	.L33:
 229 0040 00380240 		.word	1073887232
 231              		.section	.text.HAL_RCCEx_GetPeriphCLKFreq,"ax",%progbits
 232              		.align	1
ARM GAS  C:\Users\VIKRAM~1\AppData\Local\Temp\cc5iUatm.s 			page 5


 233              		.global	HAL_RCCEx_GetPeriphCLKFreq
 234              		.syntax unified
 235              		.thumb
 236              		.thumb_func
 238              	HAL_RCCEx_GetPeriphCLKFreq:
 239              		@ args = 0, pretend = 0, frame = 0
 240              		@ frame_needed = 0, uses_anonymous_args = 0
 241              		@ link register save eliminated.
 242 0000 0128     		cmp	r0, #1
 243 0002 01D0     		beq	.L42
 244 0004 0020     		movs	r0, #0
 245 0006 7047     		bx	lr
 246              	.L42:
 247 0008 154B     		ldr	r3, .L43
 248 000a 9B68     		ldr	r3, [r3, #8]
 249 000c 13F40003 		ands	r3, r3, #8388608
 250 0010 02D0     		beq	.L37
 251 0012 1BB3     		cbz	r3, .L41
 252 0014 1348     		ldr	r0, .L43+4
 253 0016 7047     		bx	lr
 254              	.L37:
 255 0018 114B     		ldr	r3, .L43
 256 001a 5B68     		ldr	r3, [r3, #4]
 257 001c 13F4800F 		tst	r3, #4194304
 258 0020 14D0     		beq	.L38
 259 0022 0F4B     		ldr	r3, .L43
 260 0024 5A68     		ldr	r2, [r3, #4]
 261 0026 02F03F02 		and	r2, r2, #63
 262 002a 0F4B     		ldr	r3, .L43+8
 263 002c B3FBF2F3 		udiv	r3, r3, r2
 264              	.L39:
 265 0030 0B4A     		ldr	r2, .L43
 266 0032 D2F88400 		ldr	r0, [r2, #132]
 267 0036 C0F38810 		ubfx	r0, r0, #6, #9
 268 003a 03FB00F0 		mul	r0, r3, r0
 269 003e D2F88430 		ldr	r3, [r2, #132]
 270 0042 C3F30273 		ubfx	r3, r3, #28, #3
 271 0046 B0FBF3F0 		udiv	r0, r0, r3
 272 004a 7047     		bx	lr
 273              	.L38:
 274 004c 044B     		ldr	r3, .L43
 275 004e 5A68     		ldr	r2, [r3, #4]
 276 0050 02F03F02 		and	r2, r2, #63
 277 0054 054B     		ldr	r3, .L43+12
 278 0056 B3FBF2F3 		udiv	r3, r3, r2
 279 005a E9E7     		b	.L39
 280              	.L41:
 281 005c 0020     		movs	r0, #0
 282 005e 7047     		bx	lr
 283              	.L44:
 284              		.align	2
 285              	.L43:
 286 0060 00380240 		.word	1073887232
 287 0064 0080BB00 		.word	12288000
 288 0068 00127A00 		.word	8000000
 289 006c 0024F400 		.word	16000000
 291              		.section	.text.HAL_RCCEx_EnablePLLI2S,"ax",%progbits
ARM GAS  C:\Users\VIKRAM~1\AppData\Local\Temp\cc5iUatm.s 			page 6


 292              		.align	1
 293              		.global	HAL_RCCEx_EnablePLLI2S
 294              		.syntax unified
 295              		.thumb
 296              		.thumb_func
 298              	HAL_RCCEx_EnablePLLI2S:
 299              		@ args = 0, pretend = 0, frame = 0
 300              		@ frame_needed = 0, uses_anonymous_args = 0
 301 0000 38B5     		push	{r3, r4, r5, lr}
 302 0002 0546     		mov	r5, r0
 303 0004 164B     		ldr	r3, .L56
 304 0006 0022     		movs	r2, #0
 305 0008 9A66     		str	r2, [r3, #104]
 306 000a FFF7FEFF 		bl	HAL_GetTick
 307 000e 0446     		mov	r4, r0
 308              	.L46:
 309 0010 144B     		ldr	r3, .L56+4
 310 0012 1B68     		ldr	r3, [r3]
 311 0014 13F0006F 		tst	r3, #134217728
 312 0018 06D0     		beq	.L54
 313 001a FFF7FEFF 		bl	HAL_GetTick
 314 001e 001B     		subs	r0, r0, r4
 315 0020 0228     		cmp	r0, #2
 316 0022 F5D9     		bls	.L46
 317 0024 0320     		movs	r0, #3
 318              	.L47:
 319 0026 38BD     		pop	{r3, r4, r5, pc}
 320              	.L54:
 321 0028 2A68     		ldr	r2, [r5]
 322 002a 6B68     		ldr	r3, [r5, #4]
 323 002c 1B07     		lsls	r3, r3, #28
 324 002e 43EA8213 		orr	r3, r3, r2, lsl #6
 325 0032 0C4A     		ldr	r2, .L56+4
 326 0034 C2F88430 		str	r3, [r2, #132]
 327 0038 094B     		ldr	r3, .L56
 328 003a 0122     		movs	r2, #1
 329 003c 9A66     		str	r2, [r3, #104]
 330 003e FFF7FEFF 		bl	HAL_GetTick
 331 0042 0446     		mov	r4, r0
 332              	.L49:
 333 0044 074B     		ldr	r3, .L56+4
 334 0046 1B68     		ldr	r3, [r3]
 335 0048 13F0006F 		tst	r3, #134217728
 336 004c 06D1     		bne	.L55
 337 004e FFF7FEFF 		bl	HAL_GetTick
 338 0052 001B     		subs	r0, r0, r4
 339 0054 0228     		cmp	r0, #2
 340 0056 F5D9     		bls	.L49
 341 0058 0320     		movs	r0, #3
 342 005a E4E7     		b	.L47
 343              	.L55:
 344 005c 0020     		movs	r0, #0
 345 005e E2E7     		b	.L47
 346              	.L57:
 347              		.align	2
 348              	.L56:
 349 0060 00004742 		.word	1111949312
ARM GAS  C:\Users\VIKRAM~1\AppData\Local\Temp\cc5iUatm.s 			page 7


 350 0064 00380240 		.word	1073887232
 352              		.section	.text.HAL_RCCEx_DisablePLLI2S,"ax",%progbits
 353              		.align	1
 354              		.global	HAL_RCCEx_DisablePLLI2S
 355              		.syntax unified
 356              		.thumb
 357              		.thumb_func
 359              	HAL_RCCEx_DisablePLLI2S:
 360              		@ args = 0, pretend = 0, frame = 0
 361              		@ frame_needed = 0, uses_anonymous_args = 0
 362 0000 10B5     		push	{r4, lr}
 363 0002 0A4B     		ldr	r3, .L65
 364 0004 0022     		movs	r2, #0
 365 0006 9A66     		str	r2, [r3, #104]
 366 0008 FFF7FEFF 		bl	HAL_GetTick
 367 000c 0446     		mov	r4, r0
 368              	.L59:
 369 000e 084B     		ldr	r3, .L65+4
 370 0010 1B68     		ldr	r3, [r3]
 371 0012 13F0006F 		tst	r3, #134217728
 372 0016 06D0     		beq	.L64
 373 0018 FFF7FEFF 		bl	HAL_GetTick
 374 001c 001B     		subs	r0, r0, r4
 375 001e 0228     		cmp	r0, #2
 376 0020 F5D9     		bls	.L59
 377 0022 0320     		movs	r0, #3
 378 0024 00E0     		b	.L60
 379              	.L64:
 380 0026 0020     		movs	r0, #0
 381              	.L60:
 382 0028 10BD     		pop	{r4, pc}
 383              	.L66:
 384 002a 00BF     		.align	2
 385              	.L65:
 386 002c 00004742 		.word	1111949312
 387 0030 00380240 		.word	1073887232
 389              		.section	.text.HAL_RCC_DeInit,"ax",%progbits
 390              		.align	1
 391              		.global	HAL_RCC_DeInit
 392              		.syntax unified
 393              		.thumb
 394              		.thumb_func
 396              	HAL_RCC_DeInit:
 397              		@ args = 0, pretend = 0, frame = 0
 398              		@ frame_needed = 0, uses_anonymous_args = 0
 399 0000 38B5     		push	{r3, r4, r5, lr}
 400 0002 FFF7FEFF 		bl	HAL_GetTick
 401 0006 0446     		mov	r4, r0
 402 0008 464A     		ldr	r2, .L90
 403 000a 1368     		ldr	r3, [r2]
 404 000c 43F00103 		orr	r3, r3, #1
 405 0010 1360     		str	r3, [r2]
 406              	.L68:
 407 0012 444B     		ldr	r3, .L90
 408 0014 1B68     		ldr	r3, [r3]
 409 0016 13F0020F 		tst	r3, #2
 410 001a 06D1     		bne	.L85
ARM GAS  C:\Users\VIKRAM~1\AppData\Local\Temp\cc5iUatm.s 			page 8


 411 001c FFF7FEFF 		bl	HAL_GetTick
 412 0020 001B     		subs	r0, r0, r4
 413 0022 0228     		cmp	r0, #2
 414 0024 F5D9     		bls	.L68
 415 0026 0320     		movs	r0, #3
 416              	.L69:
 417 0028 38BD     		pop	{r3, r4, r5, pc}
 418              	.L85:
 419 002a 3E4D     		ldr	r5, .L90
 420 002c 2B68     		ldr	r3, [r5]
 421 002e 43F08003 		orr	r3, r3, #128
 422 0032 2B60     		str	r3, [r5]
 423 0034 FFF7FEFF 		bl	HAL_GetTick
 424 0038 0446     		mov	r4, r0
 425 003a 0023     		movs	r3, #0
 426 003c AB60     		str	r3, [r5, #8]
 427              	.L71:
 428 003e 394B     		ldr	r3, .L90
 429 0040 9B68     		ldr	r3, [r3, #8]
 430 0042 13F00C0F 		tst	r3, #12
 431 0046 08D0     		beq	.L86
 432 0048 FFF7FEFF 		bl	HAL_GetTick
 433 004c 001B     		subs	r0, r0, r4
 434 004e 41F28833 		movw	r3, #5000
 435 0052 9842     		cmp	r0, r3
 436 0054 F3D9     		bls	.L71
 437 0056 0320     		movs	r0, #3
 438 0058 E6E7     		b	.L69
 439              	.L86:
 440 005a FFF7FEFF 		bl	HAL_GetTick
 441 005e 0446     		mov	r4, r0
 442 0060 304A     		ldr	r2, .L90
 443 0062 1368     		ldr	r3, [r2]
 444 0064 23F45023 		bic	r3, r3, #851968
 445 0068 1360     		str	r3, [r2]
 446              	.L73:
 447 006a 2E4B     		ldr	r3, .L90
 448 006c 1B68     		ldr	r3, [r3]
 449 006e 13F4003F 		tst	r3, #131072
 450 0072 06D0     		beq	.L87
 451 0074 FFF7FEFF 		bl	HAL_GetTick
 452 0078 001B     		subs	r0, r0, r4
 453 007a 6428     		cmp	r0, #100
 454 007c F5D9     		bls	.L73
 455 007e 0320     		movs	r0, #3
 456 0080 D2E7     		b	.L69
 457              	.L87:
 458 0082 FFF7FEFF 		bl	HAL_GetTick
 459 0086 0446     		mov	r4, r0
 460 0088 264A     		ldr	r2, .L90
 461 008a 1368     		ldr	r3, [r2]
 462 008c 23F08073 		bic	r3, r3, #16777216
 463 0090 1360     		str	r3, [r2]
 464              	.L75:
 465 0092 244B     		ldr	r3, .L90
 466 0094 1B68     		ldr	r3, [r3]
 467 0096 13F0007F 		tst	r3, #33554432
ARM GAS  C:\Users\VIKRAM~1\AppData\Local\Temp\cc5iUatm.s 			page 9


 468 009a 06D0     		beq	.L88
 469 009c FFF7FEFF 		bl	HAL_GetTick
 470 00a0 001B     		subs	r0, r0, r4
 471 00a2 0228     		cmp	r0, #2
 472 00a4 F5D9     		bls	.L75
 473 00a6 0320     		movs	r0, #3
 474 00a8 BEE7     		b	.L69
 475              	.L88:
 476 00aa FFF7FEFF 		bl	HAL_GetTick
 477 00ae 0446     		mov	r4, r0
 478 00b0 1C4A     		ldr	r2, .L90
 479 00b2 1368     		ldr	r3, [r2]
 480 00b4 23F08063 		bic	r3, r3, #67108864
 481 00b8 1360     		str	r3, [r2]
 482              	.L77:
 483 00ba 1A4B     		ldr	r3, .L90
 484 00bc 1B68     		ldr	r3, [r3]
 485 00be 13F0006F 		tst	r3, #134217728
 486 00c2 06D0     		beq	.L89
 487 00c4 FFF7FEFF 		bl	HAL_GetTick
 488 00c8 001B     		subs	r0, r0, r4
 489 00ca 0228     		cmp	r0, #2
 490 00cc F5D9     		bls	.L77
 491 00ce 0320     		movs	r0, #3
 492 00d0 AAE7     		b	.L69
 493              	.L89:
 494 00d2 144B     		ldr	r3, .L90
 495 00d4 144A     		ldr	r2, .L90+4
 496 00d6 5A60     		str	r2, [r3, #4]
 497 00d8 144A     		ldr	r2, .L90+8
 498 00da C3F88420 		str	r2, [r3, #132]
 499 00de DA68     		ldr	r2, [r3, #12]
 500 00e0 22F4F852 		bic	r2, r2, #7936
 501 00e4 DA60     		str	r2, [r3, #12]
 502 00e6 DA68     		ldr	r2, [r3, #12]
 503 00e8 22F40052 		bic	r2, r2, #8192
 504 00ec DA60     		str	r2, [r3, #12]
 505 00ee DA68     		ldr	r2, [r3, #12]
 506 00f0 42F41F02 		orr	r2, r2, #10420224
 507 00f4 DA60     		str	r2, [r3, #12]
 508 00f6 DA68     		ldr	r2, [r3, #12]
 509 00f8 42F40012 		orr	r2, r2, #2097152
 510 00fc DA60     		str	r2, [r3, #12]
 511 00fe 5A6F     		ldr	r2, [r3, #116]
 512 0100 22F00102 		bic	r2, r2, #1
 513 0104 5A67     		str	r2, [r3, #116]
 514 0106 5A6F     		ldr	r2, [r3, #116]
 515 0108 42F08072 		orr	r2, r2, #16777216
 516 010c 5A67     		str	r2, [r3, #116]
 517 010e 084B     		ldr	r3, .L90+12
 518 0110 084A     		ldr	r2, .L90+16
 519 0112 1A60     		str	r2, [r3]
 520 0114 084B     		ldr	r3, .L90+20
 521 0116 1868     		ldr	r0, [r3]
 522 0118 FFF7FEFF 		bl	HAL_InitTick
 523 011c 0028     		cmp	r0, #0
 524 011e 83D0     		beq	.L69
ARM GAS  C:\Users\VIKRAM~1\AppData\Local\Temp\cc5iUatm.s 			page 10


 525 0120 0120     		movs	r0, #1
 526 0122 81E7     		b	.L69
 527              	.L91:
 528              		.align	2
 529              	.L90:
 530 0124 00380240 		.word	1073887232
 531 0128 10300004 		.word	67121168
 532 012c 00300020 		.word	536883200
 533 0130 00000000 		.word	SystemCoreClock
 534 0134 0024F400 		.word	16000000
 535 0138 00000000 		.word	uwTickPrio
 537              		.ident	"GCC: (xPack GNU Arm Embedded GCC x86_64) 13.3.1 20240614"
ARM GAS  C:\Users\VIKRAM~1\AppData\Local\Temp\cc5iUatm.s 			page 11


DEFINED SYMBOLS
                            *ABS*:00000000 stm32f4xx_hal_rcc_ex.c
C:\Users\VIKRAM~1\AppData\Local\Temp\cc5iUatm.s:18     .text.HAL_RCCEx_PeriphCLKConfig:00000000 $t
C:\Users\VIKRAM~1\AppData\Local\Temp\cc5iUatm.s:24     .text.HAL_RCCEx_PeriphCLKConfig:00000000 HAL_RCCEx_PeriphCLKConfig
C:\Users\VIKRAM~1\AppData\Local\Temp\cc5iUatm.s:185    .text.HAL_RCCEx_PeriphCLKConfig:0000015c $d
C:\Users\VIKRAM~1\AppData\Local\Temp\cc5iUatm.s:191    .text.HAL_RCCEx_GetPeriphCLKConfig:00000000 $t
C:\Users\VIKRAM~1\AppData\Local\Temp\cc5iUatm.s:197    .text.HAL_RCCEx_GetPeriphCLKConfig:00000000 HAL_RCCEx_GetPeriphCLKConfig
C:\Users\VIKRAM~1\AppData\Local\Temp\cc5iUatm.s:229    .text.HAL_RCCEx_GetPeriphCLKConfig:00000040 $d
C:\Users\VIKRAM~1\AppData\Local\Temp\cc5iUatm.s:232    .text.HAL_RCCEx_GetPeriphCLKFreq:00000000 $t
C:\Users\VIKRAM~1\AppData\Local\Temp\cc5iUatm.s:238    .text.HAL_RCCEx_GetPeriphCLKFreq:00000000 HAL_RCCEx_GetPeriphCLKFreq
C:\Users\VIKRAM~1\AppData\Local\Temp\cc5iUatm.s:286    .text.HAL_RCCEx_GetPeriphCLKFreq:00000060 $d
C:\Users\VIKRAM~1\AppData\Local\Temp\cc5iUatm.s:292    .text.HAL_RCCEx_EnablePLLI2S:00000000 $t
C:\Users\VIKRAM~1\AppData\Local\Temp\cc5iUatm.s:298    .text.HAL_RCCEx_EnablePLLI2S:00000000 HAL_RCCEx_EnablePLLI2S
C:\Users\VIKRAM~1\AppData\Local\Temp\cc5iUatm.s:349    .text.HAL_RCCEx_EnablePLLI2S:00000060 $d
C:\Users\VIKRAM~1\AppData\Local\Temp\cc5iUatm.s:353    .text.HAL_RCCEx_DisablePLLI2S:00000000 $t
C:\Users\VIKRAM~1\AppData\Local\Temp\cc5iUatm.s:359    .text.HAL_RCCEx_DisablePLLI2S:00000000 HAL_RCCEx_DisablePLLI2S
C:\Users\VIKRAM~1\AppData\Local\Temp\cc5iUatm.s:386    .text.HAL_RCCEx_DisablePLLI2S:0000002c $d
C:\Users\VIKRAM~1\AppData\Local\Temp\cc5iUatm.s:390    .text.HAL_RCC_DeInit:00000000 $t
C:\Users\VIKRAM~1\AppData\Local\Temp\cc5iUatm.s:396    .text.HAL_RCC_DeInit:00000000 HAL_RCC_DeInit
C:\Users\VIKRAM~1\AppData\Local\Temp\cc5iUatm.s:530    .text.HAL_RCC_DeInit:00000124 $d

UNDEFINED SYMBOLS
HAL_GetTick
HAL_InitTick
SystemCoreClock
uwTickPrio
