ARM GAS  C:\Users\VIKRAM~1\AppData\Local\Temp\cc3YPRAL.s 			page 1


   1              		.cpu cortex-m4
   2              		.arch armv7e-m
   3              		.fpu fpv4-sp-d16
   4              		.eabi_attribute 27, 1
   5              		.eabi_attribute 28, 1
   6              		.eabi_attribute 20, 1
   7              		.eabi_attribute 21, 1
   8              		.eabi_attribute 23, 3
   9              		.eabi_attribute 24, 1
  10              		.eabi_attribute 25, 1
  11              		.eabi_attribute 26, 1
  12              		.eabi_attribute 30, 1
  13              		.eabi_attribute 34, 1
  14              		.eabi_attribute 18, 4
  15              		.file	"stm32f4xx_hal_flash.c"
  16              		.text
  17              		.section	.text.FLASH_Program_DoubleWord,"ax",%progbits
  18              		.align	1
  19              		.syntax unified
  20              		.thumb
  21              		.thumb_func
  23              	FLASH_Program_DoubleWord:
  24              		@ args = 0, pretend = 0, frame = 0
  25              		@ frame_needed = 0, uses_anonymous_args = 0
  26              		@ link register save eliminated.
  27 0000 10B4     		push	{r4}
  28 0002 0A49     		ldr	r1, .L3
  29 0004 0C69     		ldr	r4, [r1, #16]
  30 0006 24F44074 		bic	r4, r4, #768
  31 000a 0C61     		str	r4, [r1, #16]
  32 000c 0C69     		ldr	r4, [r1, #16]
  33 000e 44F44074 		orr	r4, r4, #768
  34 0012 0C61     		str	r4, [r1, #16]
  35 0014 0C69     		ldr	r4, [r1, #16]
  36 0016 44F00104 		orr	r4, r4, #1
  37 001a 0C61     		str	r4, [r1, #16]
  38 001c 0260     		str	r2, [r0]
  39              		.syntax unified
  40              	@ 260 "Drivers/CMSIS/Include/cmsis_gcc.h" 1
  41 001e BFF36F8F 		isb 0xF
  42              	@ 0 "" 2
  43              		.thumb
  44              		.syntax unified
  45 0022 4360     		str	r3, [r0, #4]
  46 0024 5DF8044B 		ldr	r4, [sp], #4
  47 0028 7047     		bx	lr
  48              	.L4:
  49 002a 00BF     		.align	2
  50              	.L3:
  51 002c 003C0240 		.word	1073888256
  53              		.section	.text.FLASH_Program_Word,"ax",%progbits
  54              		.align	1
  55              		.syntax unified
  56              		.thumb
  57              		.thumb_func
  59              	FLASH_Program_Word:
  60              		@ args = 0, pretend = 0, frame = 0
ARM GAS  C:\Users\VIKRAM~1\AppData\Local\Temp\cc3YPRAL.s 			page 2


  61              		@ frame_needed = 0, uses_anonymous_args = 0
  62              		@ link register save eliminated.
  63 0000 074B     		ldr	r3, .L6
  64 0002 1A69     		ldr	r2, [r3, #16]
  65 0004 22F44072 		bic	r2, r2, #768
  66 0008 1A61     		str	r2, [r3, #16]
  67 000a 1A69     		ldr	r2, [r3, #16]
  68 000c 42F40072 		orr	r2, r2, #512
  69 0010 1A61     		str	r2, [r3, #16]
  70 0012 1A69     		ldr	r2, [r3, #16]
  71 0014 42F00102 		orr	r2, r2, #1
  72 0018 1A61     		str	r2, [r3, #16]
  73 001a 0160     		str	r1, [r0]
  74 001c 7047     		bx	lr
  75              	.L7:
  76 001e 00BF     		.align	2
  77              	.L6:
  78 0020 003C0240 		.word	1073888256
  80              		.section	.text.FLASH_Program_HalfWord,"ax",%progbits
  81              		.align	1
  82              		.syntax unified
  83              		.thumb
  84              		.thumb_func
  86              	FLASH_Program_HalfWord:
  87              		@ args = 0, pretend = 0, frame = 0
  88              		@ frame_needed = 0, uses_anonymous_args = 0
  89              		@ link register save eliminated.
  90 0000 074B     		ldr	r3, .L9
  91 0002 1A69     		ldr	r2, [r3, #16]
  92 0004 22F44072 		bic	r2, r2, #768
  93 0008 1A61     		str	r2, [r3, #16]
  94 000a 1A69     		ldr	r2, [r3, #16]
  95 000c 42F48072 		orr	r2, r2, #256
  96 0010 1A61     		str	r2, [r3, #16]
  97 0012 1A69     		ldr	r2, [r3, #16]
  98 0014 42F00102 		orr	r2, r2, #1
  99 0018 1A61     		str	r2, [r3, #16]
 100 001a 0180     		strh	r1, [r0]	@ movhi
 101 001c 7047     		bx	lr
 102              	.L10:
 103 001e 00BF     		.align	2
 104              	.L9:
 105 0020 003C0240 		.word	1073888256
 107              		.section	.text.FLASH_Program_Byte,"ax",%progbits
 108              		.align	1
 109              		.syntax unified
 110              		.thumb
 111              		.thumb_func
 113              	FLASH_Program_Byte:
 114              		@ args = 0, pretend = 0, frame = 0
 115              		@ frame_needed = 0, uses_anonymous_args = 0
 116              		@ link register save eliminated.
 117 0000 064B     		ldr	r3, .L12
 118 0002 1A69     		ldr	r2, [r3, #16]
 119 0004 22F44072 		bic	r2, r2, #768
 120 0008 1A61     		str	r2, [r3, #16]
 121 000a 1A69     		ldr	r2, [r3, #16]
ARM GAS  C:\Users\VIKRAM~1\AppData\Local\Temp\cc3YPRAL.s 			page 3


 122 000c 1A61     		str	r2, [r3, #16]
 123 000e 1A69     		ldr	r2, [r3, #16]
 124 0010 42F00102 		orr	r2, r2, #1
 125 0014 1A61     		str	r2, [r3, #16]
 126 0016 0170     		strb	r1, [r0]
 127 0018 7047     		bx	lr
 128              	.L13:
 129 001a 00BF     		.align	2
 130              	.L12:
 131 001c 003C0240 		.word	1073888256
 133              		.section	.text.FLASH_SetErrorCode,"ax",%progbits
 134              		.align	1
 135              		.syntax unified
 136              		.thumb
 137              		.thumb_func
 139              	FLASH_SetErrorCode:
 140              		@ args = 0, pretend = 0, frame = 0
 141              		@ frame_needed = 0, uses_anonymous_args = 0
 142              		@ link register save eliminated.
 143 0000 274B     		ldr	r3, .L21
 144 0002 DB68     		ldr	r3, [r3, #12]
 145 0004 13F0100F 		tst	r3, #16
 146 0008 07D0     		beq	.L15
 147 000a 264A     		ldr	r2, .L21+4
 148 000c D369     		ldr	r3, [r2, #28]
 149 000e 43F01003 		orr	r3, r3, #16
 150 0012 D361     		str	r3, [r2, #28]
 151 0014 224B     		ldr	r3, .L21
 152 0016 1022     		movs	r2, #16
 153 0018 DA60     		str	r2, [r3, #12]
 154              	.L15:
 155 001a 214B     		ldr	r3, .L21
 156 001c DB68     		ldr	r3, [r3, #12]
 157 001e 13F0200F 		tst	r3, #32
 158 0022 07D0     		beq	.L16
 159 0024 1F4A     		ldr	r2, .L21+4
 160 0026 D369     		ldr	r3, [r2, #28]
 161 0028 43F00803 		orr	r3, r3, #8
 162 002c D361     		str	r3, [r2, #28]
 163 002e 1C4B     		ldr	r3, .L21
 164 0030 2022     		movs	r2, #32
 165 0032 DA60     		str	r2, [r3, #12]
 166              	.L16:
 167 0034 1A4B     		ldr	r3, .L21
 168 0036 DB68     		ldr	r3, [r3, #12]
 169 0038 13F0400F 		tst	r3, #64
 170 003c 07D0     		beq	.L17
 171 003e 194A     		ldr	r2, .L21+4
 172 0040 D369     		ldr	r3, [r2, #28]
 173 0042 43F00403 		orr	r3, r3, #4
 174 0046 D361     		str	r3, [r2, #28]
 175 0048 154B     		ldr	r3, .L21
 176 004a 4022     		movs	r2, #64
 177 004c DA60     		str	r2, [r3, #12]
 178              	.L17:
 179 004e 144B     		ldr	r3, .L21
 180 0050 DB68     		ldr	r3, [r3, #12]
ARM GAS  C:\Users\VIKRAM~1\AppData\Local\Temp\cc3YPRAL.s 			page 4


 181 0052 13F0800F 		tst	r3, #128
 182 0056 07D0     		beq	.L18
 183 0058 124A     		ldr	r2, .L21+4
 184 005a D369     		ldr	r3, [r2, #28]
 185 005c 43F00203 		orr	r3, r3, #2
 186 0060 D361     		str	r3, [r2, #28]
 187 0062 0F4B     		ldr	r3, .L21
 188 0064 8022     		movs	r2, #128
 189 0066 DA60     		str	r2, [r3, #12]
 190              	.L18:
 191 0068 0D4B     		ldr	r3, .L21
 192 006a DB68     		ldr	r3, [r3, #12]
 193 006c 13F4807F 		tst	r3, #256
 194 0070 08D0     		beq	.L19
 195 0072 0C4A     		ldr	r2, .L21+4
 196 0074 D369     		ldr	r3, [r2, #28]
 197 0076 43F00103 		orr	r3, r3, #1
 198 007a D361     		str	r3, [r2, #28]
 199 007c 084B     		ldr	r3, .L21
 200 007e 4FF48072 		mov	r2, #256
 201 0082 DA60     		str	r2, [r3, #12]
 202              	.L19:
 203 0084 064B     		ldr	r3, .L21
 204 0086 DB68     		ldr	r3, [r3, #12]
 205 0088 13F0020F 		tst	r3, #2
 206 008c 07D0     		beq	.L14
 207 008e 054A     		ldr	r2, .L21+4
 208 0090 D369     		ldr	r3, [r2, #28]
 209 0092 43F02003 		orr	r3, r3, #32
 210 0096 D361     		str	r3, [r2, #28]
 211 0098 014B     		ldr	r3, .L21
 212 009a 0222     		movs	r2, #2
 213 009c DA60     		str	r2, [r3, #12]
 214              	.L14:
 215 009e 7047     		bx	lr
 216              	.L22:
 217              		.align	2
 218              	.L21:
 219 00a0 003C0240 		.word	1073888256
 220 00a4 00000000 		.word	pFlash
 222              		.section	.text.HAL_FLASH_Program_IT,"ax",%progbits
 223              		.align	1
 224              		.global	HAL_FLASH_Program_IT
 225              		.syntax unified
 226              		.thumb
 227              		.thumb_func
 229              	HAL_FLASH_Program_IT:
 230              		@ args = 0, pretend = 0, frame = 0
 231              		@ frame_needed = 0, uses_anonymous_args = 0
 232 0000 70B5     		push	{r4, r5, r6, lr}
 233 0002 0646     		mov	r6, r0
 234 0004 0846     		mov	r0, r1
 235 0006 114C     		ldr	r4, .L32
 236 0008 2569     		ldr	r5, [r4, #16]
 237 000a 45F08075 		orr	r5, r5, #16777216
 238 000e 2561     		str	r5, [r4, #16]
 239 0010 2569     		ldr	r5, [r4, #16]
ARM GAS  C:\Users\VIKRAM~1\AppData\Local\Temp\cc3YPRAL.s 			page 5


 240 0012 45F00075 		orr	r5, r5, #33554432
 241 0016 2561     		str	r5, [r4, #16]
 242 0018 0D49     		ldr	r1, .L32+4
 243 001a 0324     		movs	r4, #3
 244 001c 0C70     		strb	r4, [r1]
 245 001e 4861     		str	r0, [r1, #20]
 246 0020 3EB1     		cbz	r6, .L29
 247 0022 012E     		cmp	r6, #1
 248 0024 09D0     		beq	.L30
 249 0026 022E     		cmp	r6, #2
 250 0028 0BD0     		beq	.L31
 251 002a FFF7FEFF 		bl	FLASH_Program_DoubleWord
 252              	.L25:
 253 002e 0020     		movs	r0, #0
 254 0030 70BD     		pop	{r4, r5, r6, pc}
 255              	.L29:
 256 0032 D1B2     		uxtb	r1, r2
 257 0034 FFF7FEFF 		bl	FLASH_Program_Byte
 258 0038 F9E7     		b	.L25
 259              	.L30:
 260 003a 91B2     		uxth	r1, r2
 261 003c FFF7FEFF 		bl	FLASH_Program_HalfWord
 262 0040 F5E7     		b	.L25
 263              	.L31:
 264 0042 1146     		mov	r1, r2
 265 0044 FFF7FEFF 		bl	FLASH_Program_Word
 266 0048 F1E7     		b	.L25
 267              	.L33:
 268 004a 00BF     		.align	2
 269              	.L32:
 270 004c 003C0240 		.word	1073888256
 271 0050 00000000 		.word	pFlash
 273              		.section	.text.HAL_FLASH_EndOfOperationCallback,"ax",%progbits
 274              		.align	1
 275              		.weak	HAL_FLASH_EndOfOperationCallback
 276              		.syntax unified
 277              		.thumb
 278              		.thumb_func
 280              	HAL_FLASH_EndOfOperationCallback:
 281              		@ args = 0, pretend = 0, frame = 0
 282              		@ frame_needed = 0, uses_anonymous_args = 0
 283              		@ link register save eliminated.
 284 0000 7047     		bx	lr
 286              		.section	.text.HAL_FLASH_OperationErrorCallback,"ax",%progbits
 287              		.align	1
 288              		.weak	HAL_FLASH_OperationErrorCallback
 289              		.syntax unified
 290              		.thumb
 291              		.thumb_func
 293              	HAL_FLASH_OperationErrorCallback:
 294              		@ args = 0, pretend = 0, frame = 0
 295              		@ frame_needed = 0, uses_anonymous_args = 0
 296              		@ link register save eliminated.
 297 0000 7047     		bx	lr
 299              		.section	.text.HAL_FLASH_IRQHandler,"ax",%progbits
 300              		.align	1
 301              		.global	HAL_FLASH_IRQHandler
ARM GAS  C:\Users\VIKRAM~1\AppData\Local\Temp\cc3YPRAL.s 			page 6


 302              		.syntax unified
 303              		.thumb
 304              		.thumb_func
 306              	HAL_FLASH_IRQHandler:
 307              		@ args = 0, pretend = 0, frame = 0
 308              		@ frame_needed = 0, uses_anonymous_args = 0
 309 0000 10B5     		push	{r4, lr}
 310 0002 384B     		ldr	r3, .L52
 311 0004 DB68     		ldr	r3, [r3, #12]
 312 0006 13F4F97F 		tst	r3, #498
 313 000a 13D0     		beq	.L37
 314 000c 364B     		ldr	r3, .L52+4
 315 000e 1B78     		ldrb	r3, [r3]	@ zero_extendqisi2
 316 0010 DBB2     		uxtb	r3, r3
 317 0012 012B     		cmp	r3, #1
 318 0014 38D0     		beq	.L48
 319 0016 344B     		ldr	r3, .L52+4
 320 0018 1B78     		ldrb	r3, [r3]	@ zero_extendqisi2
 321 001a DBB2     		uxtb	r3, r3
 322 001c 022B     		cmp	r3, #2
 323 001e 39D0     		beq	.L49
 324 0020 314B     		ldr	r3, .L52+4
 325 0022 5C69     		ldr	r4, [r3, #20]
 326              	.L39:
 327 0024 FFF7FEFF 		bl	FLASH_SetErrorCode
 328 0028 2046     		mov	r0, r4
 329 002a FFF7FEFF 		bl	HAL_FLASH_OperationErrorCallback
 330 002e 2E4B     		ldr	r3, .L52+4
 331 0030 0022     		movs	r2, #0
 332 0032 1A70     		strb	r2, [r3]
 333              	.L37:
 334 0034 2B4B     		ldr	r3, .L52
 335 0036 DB68     		ldr	r3, [r3, #12]
 336 0038 13F0010F 		tst	r3, #1
 337 003c 13D0     		beq	.L41
 338 003e 294B     		ldr	r3, .L52
 339 0040 0122     		movs	r2, #1
 340 0042 DA60     		str	r2, [r3, #12]
 341 0044 284B     		ldr	r3, .L52+4
 342 0046 1B78     		ldrb	r3, [r3]	@ zero_extendqisi2
 343 0048 DBB2     		uxtb	r3, r3
 344 004a 9342     		cmp	r3, r2
 345 004c 25D0     		beq	.L50
 346 004e 264B     		ldr	r3, .L52+4
 347 0050 1B78     		ldrb	r3, [r3]	@ zero_extendqisi2
 348 0052 DBB2     		uxtb	r3, r3
 349 0054 022B     		cmp	r3, #2
 350 0056 3ED0     		beq	.L51
 351 0058 234B     		ldr	r3, .L52+4
 352 005a 5869     		ldr	r0, [r3, #20]
 353 005c FFF7FEFF 		bl	HAL_FLASH_EndOfOperationCallback
 354              	.L45:
 355 0060 214B     		ldr	r3, .L52+4
 356 0062 0022     		movs	r2, #0
 357 0064 1A70     		strb	r2, [r3]
 358              	.L41:
 359 0066 204B     		ldr	r3, .L52+4
ARM GAS  C:\Users\VIKRAM~1\AppData\Local\Temp\cc3YPRAL.s 			page 7


 360 0068 1B78     		ldrb	r3, [r3]	@ zero_extendqisi2
 361 006a 63B9     		cbnz	r3, .L36
 362 006c 1D4B     		ldr	r3, .L52
 363 006e 1A69     		ldr	r2, [r3, #16]
 364 0070 22F0FF02 		bic	r2, r2, #255
 365 0074 1A61     		str	r2, [r3, #16]
 366 0076 1A69     		ldr	r2, [r3, #16]
 367 0078 22F08072 		bic	r2, r2, #16777216
 368 007c 1A61     		str	r2, [r3, #16]
 369 007e 1A69     		ldr	r2, [r3, #16]
 370 0080 22F00072 		bic	r2, r2, #33554432
 371 0084 1A61     		str	r2, [r3, #16]
 372              	.L36:
 373 0086 10BD     		pop	{r4, pc}
 374              	.L48:
 375 0088 174B     		ldr	r3, .L52+4
 376 008a DC68     		ldr	r4, [r3, #12]
 377 008c 4FF0FF32 		mov	r2, #-1
 378 0090 DA60     		str	r2, [r3, #12]
 379 0092 C7E7     		b	.L39
 380              	.L49:
 381 0094 144B     		ldr	r3, .L52+4
 382 0096 1C69     		ldr	r4, [r3, #16]
 383 0098 C4E7     		b	.L39
 384              	.L50:
 385 009a 134B     		ldr	r3, .L52+4
 386 009c 5A68     		ldr	r2, [r3, #4]
 387 009e 013A     		subs	r2, r2, #1
 388 00a0 5A60     		str	r2, [r3, #4]
 389 00a2 5B68     		ldr	r3, [r3, #4]
 390 00a4 5BB1     		cbz	r3, .L43
 391 00a6 104C     		ldr	r4, .L52+4
 392 00a8 E068     		ldr	r0, [r4, #12]
 393 00aa FFF7FEFF 		bl	HAL_FLASH_EndOfOperationCallback
 394 00ae E368     		ldr	r3, [r4, #12]
 395 00b0 0133     		adds	r3, r3, #1
 396 00b2 E360     		str	r3, [r4, #12]
 397 00b4 E068     		ldr	r0, [r4, #12]
 398 00b6 217A     		ldrb	r1, [r4, #8]	@ zero_extendqisi2
 399 00b8 FFF7FEFF 		bl	FLASH_Erase_Sector
 400 00bc D3E7     		b	.L41
 401              	.L43:
 402 00be 0A4B     		ldr	r3, .L52+4
 403 00c0 4FF0FF34 		mov	r4, #-1
 404 00c4 DC60     		str	r4, [r3, #12]
 405 00c6 0022     		movs	r2, #0
 406 00c8 1A70     		strb	r2, [r3]
 407 00ca FFF7FEFF 		bl	FLASH_FlushCaches
 408 00ce 2046     		mov	r0, r4
 409 00d0 FFF7FEFF 		bl	HAL_FLASH_EndOfOperationCallback
 410 00d4 C7E7     		b	.L41
 411              	.L51:
 412 00d6 FFF7FEFF 		bl	FLASH_FlushCaches
 413 00da 034B     		ldr	r3, .L52+4
 414 00dc 1869     		ldr	r0, [r3, #16]
 415 00de FFF7FEFF 		bl	HAL_FLASH_EndOfOperationCallback
 416 00e2 BDE7     		b	.L45
ARM GAS  C:\Users\VIKRAM~1\AppData\Local\Temp\cc3YPRAL.s 			page 8


 417              	.L53:
 418              		.align	2
 419              	.L52:
 420 00e4 003C0240 		.word	1073888256
 421 00e8 00000000 		.word	pFlash
 423              		.section	.text.HAL_FLASH_Unlock,"ax",%progbits
 424              		.align	1
 425              		.global	HAL_FLASH_Unlock
 426              		.syntax unified
 427              		.thumb
 428              		.thumb_func
 430              	HAL_FLASH_Unlock:
 431              		@ args = 0, pretend = 0, frame = 0
 432              		@ frame_needed = 0, uses_anonymous_args = 0
 433              		@ link register save eliminated.
 434 0000 094B     		ldr	r3, .L59
 435 0002 1B69     		ldr	r3, [r3, #16]
 436 0004 002B     		cmp	r3, #0
 437 0006 01DB     		blt	.L58
 438 0008 0020     		movs	r0, #0
 439 000a 7047     		bx	lr
 440              	.L58:
 441 000c 064B     		ldr	r3, .L59
 442 000e 074A     		ldr	r2, .L59+4
 443 0010 5A60     		str	r2, [r3, #4]
 444 0012 02F18832 		add	r2, r2, #-2004318072
 445 0016 5A60     		str	r2, [r3, #4]
 446 0018 1B69     		ldr	r3, [r3, #16]
 447 001a 002B     		cmp	r3, #0
 448 001c 01DB     		blt	.L57
 449 001e 0020     		movs	r0, #0
 450 0020 7047     		bx	lr
 451              	.L57:
 452 0022 0120     		movs	r0, #1
 453 0024 7047     		bx	lr
 454              	.L60:
 455 0026 00BF     		.align	2
 456              	.L59:
 457 0028 003C0240 		.word	1073888256
 458 002c 23016745 		.word	1164378403
 460              		.section	.text.HAL_FLASH_Lock,"ax",%progbits
 461              		.align	1
 462              		.global	HAL_FLASH_Lock
 463              		.syntax unified
 464              		.thumb
 465              		.thumb_func
 467              	HAL_FLASH_Lock:
 468              		@ args = 0, pretend = 0, frame = 0
 469              		@ frame_needed = 0, uses_anonymous_args = 0
 470              		@ link register save eliminated.
 471 0000 034A     		ldr	r2, .L62
 472 0002 1369     		ldr	r3, [r2, #16]
 473 0004 43F00043 		orr	r3, r3, #-2147483648
 474 0008 1361     		str	r3, [r2, #16]
 475 000a 0020     		movs	r0, #0
 476 000c 7047     		bx	lr
 477              	.L63:
ARM GAS  C:\Users\VIKRAM~1\AppData\Local\Temp\cc3YPRAL.s 			page 9


 478 000e 00BF     		.align	2
 479              	.L62:
 480 0010 003C0240 		.word	1073888256
 482              		.section	.text.HAL_FLASH_OB_Unlock,"ax",%progbits
 483              		.align	1
 484              		.global	HAL_FLASH_OB_Unlock
 485              		.syntax unified
 486              		.thumb
 487              		.thumb_func
 489              	HAL_FLASH_OB_Unlock:
 490              		@ args = 0, pretend = 0, frame = 0
 491              		@ frame_needed = 0, uses_anonymous_args = 0
 492              		@ link register save eliminated.
 493 0000 074B     		ldr	r3, .L67
 494 0002 5B69     		ldr	r3, [r3, #20]
 495 0004 13F0010F 		tst	r3, #1
 496 0008 07D0     		beq	.L66
 497 000a 054B     		ldr	r3, .L67
 498 000c 054A     		ldr	r2, .L67+4
 499 000e 9A60     		str	r2, [r3, #8]
 500 0010 02F14432 		add	r2, r2, #1145324612
 501 0014 9A60     		str	r2, [r3, #8]
 502 0016 0020     		movs	r0, #0
 503 0018 7047     		bx	lr
 504              	.L66:
 505 001a 0120     		movs	r0, #1
 506 001c 7047     		bx	lr
 507              	.L68:
 508 001e 00BF     		.align	2
 509              	.L67:
 510 0020 003C0240 		.word	1073888256
 511 0024 3B2A1908 		.word	135866939
 513              		.section	.text.HAL_FLASH_OB_Lock,"ax",%progbits
 514              		.align	1
 515              		.global	HAL_FLASH_OB_Lock
 516              		.syntax unified
 517              		.thumb
 518              		.thumb_func
 520              	HAL_FLASH_OB_Lock:
 521              		@ args = 0, pretend = 0, frame = 0
 522              		@ frame_needed = 0, uses_anonymous_args = 0
 523              		@ link register save eliminated.
 524 0000 034A     		ldr	r2, .L70
 525 0002 5369     		ldr	r3, [r2, #20]
 526 0004 43F00103 		orr	r3, r3, #1
 527 0008 5361     		str	r3, [r2, #20]
 528 000a 0020     		movs	r0, #0
 529 000c 7047     		bx	lr
 530              	.L71:
 531 000e 00BF     		.align	2
 532              	.L70:
 533 0010 003C0240 		.word	1073888256
 535              		.section	.text.HAL_FLASH_GetError,"ax",%progbits
 536              		.align	1
 537              		.global	HAL_FLASH_GetError
 538              		.syntax unified
 539              		.thumb
ARM GAS  C:\Users\VIKRAM~1\AppData\Local\Temp\cc3YPRAL.s 			page 10


 540              		.thumb_func
 542              	HAL_FLASH_GetError:
 543              		@ args = 0, pretend = 0, frame = 0
 544              		@ frame_needed = 0, uses_anonymous_args = 0
 545              		@ link register save eliminated.
 546 0000 014B     		ldr	r3, .L73
 547 0002 D869     		ldr	r0, [r3, #28]
 548 0004 7047     		bx	lr
 549              	.L74:
 550 0006 00BF     		.align	2
 551              	.L73:
 552 0008 00000000 		.word	pFlash
 554              		.section	.text.FLASH_WaitForLastOperation,"ax",%progbits
 555              		.align	1
 556              		.global	FLASH_WaitForLastOperation
 557              		.syntax unified
 558              		.thumb
 559              		.thumb_func
 561              	FLASH_WaitForLastOperation:
 562              		@ args = 0, pretend = 0, frame = 0
 563              		@ frame_needed = 0, uses_anonymous_args = 0
 564 0000 38B5     		push	{r3, r4, r5, lr}
 565 0002 0446     		mov	r4, r0
 566 0004 144B     		ldr	r3, .L86
 567 0006 0022     		movs	r2, #0
 568 0008 DA61     		str	r2, [r3, #28]
 569 000a FFF7FEFF 		bl	HAL_GetTick
 570 000e 0546     		mov	r5, r0
 571              	.L77:
 572 0010 124B     		ldr	r3, .L86+4
 573 0012 DB68     		ldr	r3, [r3, #12]
 574 0014 13F4803F 		tst	r3, #65536
 575 0018 0AD0     		beq	.L84
 576 001a B4F1FF3F 		cmp	r4, #-1
 577 001e F7D0     		beq	.L77
 578 0020 24B1     		cbz	r4, .L78
 579 0022 FFF7FEFF 		bl	HAL_GetTick
 580 0026 401B     		subs	r0, r0, r5
 581 0028 A042     		cmp	r0, r4
 582 002a F1D9     		bls	.L77
 583              	.L78:
 584 002c 0320     		movs	r0, #3
 585 002e 0DE0     		b	.L79
 586              	.L84:
 587 0030 0A4B     		ldr	r3, .L86+4
 588 0032 DB68     		ldr	r3, [r3, #12]
 589 0034 13F0010F 		tst	r3, #1
 590 0038 02D0     		beq	.L81
 591 003a 084B     		ldr	r3, .L86+4
 592 003c 0122     		movs	r2, #1
 593 003e DA60     		str	r2, [r3, #12]
 594              	.L81:
 595 0040 064B     		ldr	r3, .L86+4
 596 0042 DB68     		ldr	r3, [r3, #12]
 597 0044 13F4F97F 		tst	r3, #498
 598 0048 01D1     		bne	.L85
 599 004a 0020     		movs	r0, #0
ARM GAS  C:\Users\VIKRAM~1\AppData\Local\Temp\cc3YPRAL.s 			page 11


 600              	.L79:
 601 004c 38BD     		pop	{r3, r4, r5, pc}
 602              	.L85:
 603 004e FFF7FEFF 		bl	FLASH_SetErrorCode
 604 0052 0120     		movs	r0, #1
 605 0054 FAE7     		b	.L79
 606              	.L87:
 607 0056 00BF     		.align	2
 608              	.L86:
 609 0058 00000000 		.word	pFlash
 610 005c 003C0240 		.word	1073888256
 612              		.section	.text.HAL_FLASH_Program,"ax",%progbits
 613              		.align	1
 614              		.global	HAL_FLASH_Program
 615              		.syntax unified
 616              		.thumb
 617              		.thumb_func
 619              	HAL_FLASH_Program:
 620              		@ args = 0, pretend = 0, frame = 0
 621              		@ frame_needed = 0, uses_anonymous_args = 0
 622 0000 F8B5     		push	{r3, r4, r5, r6, r7, lr}
 623 0002 1646     		mov	r6, r2
 624 0004 1B4A     		ldr	r2, .L100
 625 0006 127E     		ldrb	r2, [r2, #24]	@ zero_extendqisi2
 626 0008 012A     		cmp	r2, #1
 627 000a 30D0     		beq	.L95
 628 000c 0446     		mov	r4, r0
 629 000e 0D46     		mov	r5, r1
 630 0010 1F46     		mov	r7, r3
 631 0012 184B     		ldr	r3, .L100
 632 0014 0122     		movs	r2, #1
 633 0016 1A76     		strb	r2, [r3, #24]
 634 0018 4CF25030 		movw	r0, #50000
 635 001c FFF7FEFF 		bl	FLASH_WaitForLastOperation
 636 0020 90B9     		cbnz	r0, .L90
 637 0022 ACB1     		cbz	r4, .L97
 638 0024 012C     		cmp	r4, #1
 639 0026 18D0     		beq	.L98
 640 0028 022C     		cmp	r4, #2
 641 002a 1BD0     		beq	.L99
 642 002c 3246     		mov	r2, r6
 643 002e 3B46     		mov	r3, r7
 644 0030 2846     		mov	r0, r5
 645 0032 FFF7FEFF 		bl	FLASH_Program_DoubleWord
 646              	.L92:
 647 0036 4CF25030 		movw	r0, #50000
 648 003a FFF7FEFF 		bl	FLASH_WaitForLastOperation
 649 003e 0E4A     		ldr	r2, .L100+4
 650 0040 1369     		ldr	r3, [r2, #16]
 651 0042 23F00103 		bic	r3, r3, #1
 652 0046 1361     		str	r3, [r2, #16]
 653              	.L90:
 654 0048 0A4B     		ldr	r3, .L100
 655 004a 0022     		movs	r2, #0
 656 004c 1A76     		strb	r2, [r3, #24]
 657              	.L89:
 658 004e F8BD     		pop	{r3, r4, r5, r6, r7, pc}
ARM GAS  C:\Users\VIKRAM~1\AppData\Local\Temp\cc3YPRAL.s 			page 12


 659              	.L97:
 660 0050 F1B2     		uxtb	r1, r6
 661 0052 2846     		mov	r0, r5
 662 0054 FFF7FEFF 		bl	FLASH_Program_Byte
 663 0058 EDE7     		b	.L92
 664              	.L98:
 665 005a B1B2     		uxth	r1, r6
 666 005c 2846     		mov	r0, r5
 667 005e FFF7FEFF 		bl	FLASH_Program_HalfWord
 668 0062 E8E7     		b	.L92
 669              	.L99:
 670 0064 3146     		mov	r1, r6
 671 0066 2846     		mov	r0, r5
 672 0068 FFF7FEFF 		bl	FLASH_Program_Word
 673 006c E3E7     		b	.L92
 674              	.L95:
 675 006e 0220     		movs	r0, #2
 676 0070 EDE7     		b	.L89
 677              	.L101:
 678 0072 00BF     		.align	2
 679              	.L100:
 680 0074 00000000 		.word	pFlash
 681 0078 003C0240 		.word	1073888256
 683              		.section	.text.HAL_FLASH_OB_Launch,"ax",%progbits
 684              		.align	1
 685              		.global	HAL_FLASH_OB_Launch
 686              		.syntax unified
 687              		.thumb
 688              		.thumb_func
 690              	HAL_FLASH_OB_Launch:
 691              		@ args = 0, pretend = 0, frame = 0
 692              		@ frame_needed = 0, uses_anonymous_args = 0
 693 0000 08B5     		push	{r3, lr}
 694 0002 054A     		ldr	r2, .L104
 695 0004 137D     		ldrb	r3, [r2, #20]	@ zero_extendqisi2
 696 0006 43F00203 		orr	r3, r3, #2
 697 000a 1375     		strb	r3, [r2, #20]
 698 000c 4CF25030 		movw	r0, #50000
 699 0010 FFF7FEFF 		bl	FLASH_WaitForLastOperation
 700 0014 08BD     		pop	{r3, pc}
 701              	.L105:
 702 0016 00BF     		.align	2
 703              	.L104:
 704 0018 003C0240 		.word	1073888256
 706              		.global	pFlash
 707              		.section	.bss.pFlash,"aw",%nobits
 708              		.align	2
 711              	pFlash:
 712 0000 00000000 		.space	32
 712      00000000 
 712      00000000 
 712      00000000 
 712      00000000 
 713              		.ident	"GCC: (xPack GNU Arm Embedded GCC x86_64) 13.3.1 20240614"
ARM GAS  C:\Users\VIKRAM~1\AppData\Local\Temp\cc3YPRAL.s 			page 13


DEFINED SYMBOLS
                            *ABS*:00000000 stm32f4xx_hal_flash.c
C:\Users\VIKRAM~1\AppData\Local\Temp\cc3YPRAL.s:18     .text.FLASH_Program_DoubleWord:00000000 $t
C:\Users\VIKRAM~1\AppData\Local\Temp\cc3YPRAL.s:23     .text.FLASH_Program_DoubleWord:00000000 FLASH_Program_DoubleWord
C:\Users\VIKRAM~1\AppData\Local\Temp\cc3YPRAL.s:51     .text.FLASH_Program_DoubleWord:0000002c $d
C:\Users\VIKRAM~1\AppData\Local\Temp\cc3YPRAL.s:54     .text.FLASH_Program_Word:00000000 $t
C:\Users\VIKRAM~1\AppData\Local\Temp\cc3YPRAL.s:59     .text.FLASH_Program_Word:00000000 FLASH_Program_Word
C:\Users\VIKRAM~1\AppData\Local\Temp\cc3YPRAL.s:78     .text.FLASH_Program_Word:00000020 $d
C:\Users\VIKRAM~1\AppData\Local\Temp\cc3YPRAL.s:81     .text.FLASH_Program_HalfWord:00000000 $t
C:\Users\VIKRAM~1\AppData\Local\Temp\cc3YPRAL.s:86     .text.FLASH_Program_HalfWord:00000000 FLASH_Program_HalfWord
C:\Users\VIKRAM~1\AppData\Local\Temp\cc3YPRAL.s:105    .text.FLASH_Program_HalfWord:00000020 $d
C:\Users\VIKRAM~1\AppData\Local\Temp\cc3YPRAL.s:108    .text.FLASH_Program_Byte:00000000 $t
C:\Users\VIKRAM~1\AppData\Local\Temp\cc3YPRAL.s:113    .text.FLASH_Program_Byte:00000000 FLASH_Program_Byte
C:\Users\VIKRAM~1\AppData\Local\Temp\cc3YPRAL.s:131    .text.FLASH_Program_Byte:0000001c $d
C:\Users\VIKRAM~1\AppData\Local\Temp\cc3YPRAL.s:134    .text.FLASH_SetErrorCode:00000000 $t
C:\Users\VIKRAM~1\AppData\Local\Temp\cc3YPRAL.s:139    .text.FLASH_SetErrorCode:00000000 FLASH_SetErrorCode
C:\Users\VIKRAM~1\AppData\Local\Temp\cc3YPRAL.s:219    .text.FLASH_SetErrorCode:000000a0 $d
C:\Users\VIKRAM~1\AppData\Local\Temp\cc3YPRAL.s:711    .bss.pFlash:00000000 pFlash
C:\Users\VIKRAM~1\AppData\Local\Temp\cc3YPRAL.s:223    .text.HAL_FLASH_Program_IT:00000000 $t
C:\Users\VIKRAM~1\AppData\Local\Temp\cc3YPRAL.s:229    .text.HAL_FLASH_Program_IT:00000000 HAL_FLASH_Program_IT
C:\Users\VIKRAM~1\AppData\Local\Temp\cc3YPRAL.s:270    .text.HAL_FLASH_Program_IT:0000004c $d
C:\Users\VIKRAM~1\AppData\Local\Temp\cc3YPRAL.s:274    .text.HAL_FLASH_EndOfOperationCallback:00000000 $t
C:\Users\VIKRAM~1\AppData\Local\Temp\cc3YPRAL.s:280    .text.HAL_FLASH_EndOfOperationCallback:00000000 HAL_FLASH_EndOfOperationCallback
C:\Users\VIKRAM~1\AppData\Local\Temp\cc3YPRAL.s:287    .text.HAL_FLASH_OperationErrorCallback:00000000 $t
C:\Users\VIKRAM~1\AppData\Local\Temp\cc3YPRAL.s:293    .text.HAL_FLASH_OperationErrorCallback:00000000 HAL_FLASH_OperationErrorCallback
C:\Users\VIKRAM~1\AppData\Local\Temp\cc3YPRAL.s:300    .text.HAL_FLASH_IRQHandler:00000000 $t
C:\Users\VIKRAM~1\AppData\Local\Temp\cc3YPRAL.s:306    .text.HAL_FLASH_IRQHandler:00000000 HAL_FLASH_IRQHandler
C:\Users\VIKRAM~1\AppData\Local\Temp\cc3YPRAL.s:420    .text.HAL_FLASH_IRQHandler:000000e4 $d
C:\Users\VIKRAM~1\AppData\Local\Temp\cc3YPRAL.s:424    .text.HAL_FLASH_Unlock:00000000 $t
C:\Users\VIKRAM~1\AppData\Local\Temp\cc3YPRAL.s:430    .text.HAL_FLASH_Unlock:00000000 HAL_FLASH_Unlock
C:\Users\VIKRAM~1\AppData\Local\Temp\cc3YPRAL.s:457    .text.HAL_FLASH_Unlock:00000028 $d
C:\Users\VIKRAM~1\AppData\Local\Temp\cc3YPRAL.s:461    .text.HAL_FLASH_Lock:00000000 $t
C:\Users\VIKRAM~1\AppData\Local\Temp\cc3YPRAL.s:467    .text.HAL_FLASH_Lock:00000000 HAL_FLASH_Lock
C:\Users\VIKRAM~1\AppData\Local\Temp\cc3YPRAL.s:480    .text.HAL_FLASH_Lock:00000010 $d
C:\Users\VIKRAM~1\AppData\Local\Temp\cc3YPRAL.s:483    .text.HAL_FLASH_OB_Unlock:00000000 $t
C:\Users\VIKRAM~1\AppData\Local\Temp\cc3YPRAL.s:489    .text.HAL_FLASH_OB_Unlock:00000000 HAL_FLASH_OB_Unlock
C:\Users\VIKRAM~1\AppData\Local\Temp\cc3YPRAL.s:510    .text.HAL_FLASH_OB_Unlock:00000020 $d
C:\Users\VIKRAM~1\AppData\Local\Temp\cc3YPRAL.s:514    .text.HAL_FLASH_OB_Lock:00000000 $t
C:\Users\VIKRAM~1\AppData\Local\Temp\cc3YPRAL.s:520    .text.HAL_FLASH_OB_Lock:00000000 HAL_FLASH_OB_Lock
C:\Users\VIKRAM~1\AppData\Local\Temp\cc3YPRAL.s:533    .text.HAL_FLASH_OB_Lock:00000010 $d
C:\Users\VIKRAM~1\AppData\Local\Temp\cc3YPRAL.s:536    .text.HAL_FLASH_GetError:00000000 $t
C:\Users\VIKRAM~1\AppData\Local\Temp\cc3YPRAL.s:542    .text.HAL_FLASH_GetError:00000000 HAL_FLASH_GetError
C:\Users\VIKRAM~1\AppData\Local\Temp\cc3YPRAL.s:552    .text.HAL_FLASH_GetError:00000008 $d
C:\Users\VIKRAM~1\AppData\Local\Temp\cc3YPRAL.s:555    .text.FLASH_WaitForLastOperation:00000000 $t
C:\Users\VIKRAM~1\AppData\Local\Temp\cc3YPRAL.s:561    .text.FLASH_WaitForLastOperation:00000000 FLASH_WaitForLastOperation
C:\Users\VIKRAM~1\AppData\Local\Temp\cc3YPRAL.s:609    .text.FLASH_WaitForLastOperation:00000058 $d
C:\Users\VIKRAM~1\AppData\Local\Temp\cc3YPRAL.s:613    .text.HAL_FLASH_Program:00000000 $t
C:\Users\VIKRAM~1\AppData\Local\Temp\cc3YPRAL.s:619    .text.HAL_FLASH_Program:00000000 HAL_FLASH_Program
C:\Users\VIKRAM~1\AppData\Local\Temp\cc3YPRAL.s:680    .text.HAL_FLASH_Program:00000074 $d
C:\Users\VIKRAM~1\AppData\Local\Temp\cc3YPRAL.s:684    .text.HAL_FLASH_OB_Launch:00000000 $t
C:\Users\VIKRAM~1\AppData\Local\Temp\cc3YPRAL.s:690    .text.HAL_FLASH_OB_Launch:00000000 HAL_FLASH_OB_Launch
C:\Users\VIKRAM~1\AppData\Local\Temp\cc3YPRAL.s:704    .text.HAL_FLASH_OB_Launch:00000018 $d
C:\Users\VIKRAM~1\AppData\Local\Temp\cc3YPRAL.s:708    .bss.pFlash:00000000 $d

UNDEFINED SYMBOLS
FLASH_Erase_Sector
FLASH_FlushCaches
ARM GAS  C:\Users\VIKRAM~1\AppData\Local\Temp\cc3YPRAL.s 			page 14


HAL_GetTick
